{
  "embed_model": "nomic-embed-text",
  "dim": 768,
  "chunks": [
    {
      "chunk_id": "test_output.txt::chunk_0000",
      "source": "data_code_translation_log/test_output.txt",
      "text": "test_get_cookies (tests_CookiesUtil.CookiesUtilTestGetCookies.test_get_cookies) ... ok\ntest_get_cookies_2 (tests_CookiesUtil.CookiesUtilTestGetCookies.test_get_cookies_2) ... ok\ntest_get_cookies_3 (tests_CookiesUtil.CookiesUtilTestGetCookies.test_get_cookies_3) ... ok\ntest_get_cookies_4 (tests_CookiesUtil.CookiesUtilTestGetCookies.test_get_cookies_4) ... ok\ntest_get_cookies_5 (tests_CookiesUtil.CookiesUtilTestGetCookies.test_get_cookies_5) ... ok\ntest_load_cookies (tests_CookiesUtil.CookiesUtilTestLoadCookies.test_load_cookies) ... ok\ntest_load_cookies_2 (tests_CookiesUtil.CookiesUtilTestLoadCookies.test_load_cookies_2) ... ok\ntest_load_cookies_3 (tests_CookiesUtil.CookiesUtilTestLoadCookies.test_load_cookies_3) ... ok\ntest_load_cookies_4 (tests_CookiesUtil.CookiesUtilTestLoadCookies.test_load_cookies_4) ... ok\ntest_load_cookies_5 (tests_CookiesUtil.CookiesUtilTestLoadCookies.test_load_cookies_5) ... ok\ntest_load_cookies_6 (tests_CookiesUtil.CookiesUtilTestLoadCookies.test_load_cookies_6) ... ok\ntest_main (tests_CookiesUtil.CookiesUtilTestMain.test_main) ... ok\ntest_save_cookies (tests_CookiesUtil.CookiesUtilTestSaveCookies.test_save_cookies) ... ok\ntest_save_cookies_2 (tests_CookiesUtil.CookiesUtilTestSaveCookies.test_save_cookies_2) ... ok\ntest_save_cookies_3 (tests_CookiesUtil.CookiesUtilTestSaveCookies.test_save_cookies_3) ... ok\ntest_save_cookies_4 (tests_CookiesUtil.CookiesUtilTestSaveCookies.test_save_cookies_4) ... ok\ntest_save_cookies_5 (tests_CookiesUtil.CookiesUtil"
    },
    {
      "chunk_id": "test_output.txt::chunk_0001",
      "source": "data_code_translation_log/test_output.txt",
      "text": ".CookiesUtilTestSaveCookies.test_save_cookies_3) ... ok\ntest_save_cookies_4 (tests_CookiesUtil.CookiesUtilTestSaveCookies.test_save_cookies_4) ... ok\ntest_save_cookies_5 (tests_CookiesUtil.CookiesUtilTestSaveCookies.test_save_cookies_5) ... ok\ntest_save_cookies_6 (tests_CookiesUtil.CookiesUtilTestSaveCookies.test_save_cookies_6) ... ok\ntest_set_cookies (tests_CookiesUtil.CookiesUtilTestSetCookies.test_set_cookies) ... ok\ntest_currencyconverter (tests_CurrencyConverter.CurrencyConverterTest.test_currencyconverter) ... ok\ntest_add_currency_rate_1 (tests_CurrencyConverter.CurrencyConverterTestAddCurrencyRate.test_add_currency_rate_1) ... ok\ntest_add_currency_rate_2 (tests_CurrencyConverter.CurrencyConverterTestAddCurrencyRate.test_add_currency_rate_2) ... ok\ntest_add_currency_rate_3 (tests_CurrencyConverter.CurrencyConverterTestAddCurrencyRate.test_add_currency_rate_3) ... ok\ntest_add_currency_rate_4 (tests_CurrencyConverter.CurrencyConverterTestAddCurrencyRate.test_add_currency_rate_4) ... ok\ntest_add_currency_rate_5 (tests_CurrencyConverter.CurrencyConverterTestAddCurrencyRate.test_add_currency_rate_5) ... ok\ntest_add_currency_rate_6 (tests_CurrencyConverter.CurrencyConverterTestAddCurrencyRate.test_add_currency_rate_6) ... ok\ntest_convert_1 (tests_CurrencyConverter.CurrencyConverterTestConvert.test_convert_1) ... ok\ntest_convert_2 (tests_CurrencyConverter.CurrencyConverterTestConvert.test_convert_2) ... ok\ntest_convert_3 (tests_CurrencyConverter.CurrencyConverterTestConvert.t"
    },
    {
      "chunk_id": "test_output.txt::chunk_0002",
      "source": "data_code_translation_log/test_output.txt",
      "text": "terTestConvert.test_convert_1) ... ok\ntest_convert_2 (tests_CurrencyConverter.CurrencyConverterTestConvert.test_convert_2) ... ok\ntest_convert_3 (tests_CurrencyConverter.CurrencyConverterTestConvert.test_convert_3) ... ok\ntest_convert_4 (tests_CurrencyConverter.CurrencyConverterTestConvert.test_convert_4) ... ok\ntest_convert_5 (tests_CurrencyConverter.CurrencyConverterTestConvert.test_convert_5) ... ok\ntest_convert_6 (tests_CurrencyConverter.CurrencyConverterTestConvert.test_convert_6) ... ok\ntest_get_supported_currencies_1 (tests_CurrencyConverter.CurrencyConverterTestGetSupportedCurrencies.test_get_supported_currencies_1) ... ok\ntest_get_supported_currencies_2 (tests_CurrencyConverter.CurrencyConverterTestGetSupportedCurrencies.test_get_supported_currencies_2) ... ok\ntest_get_supported_currencies_3 (tests_CurrencyConverter.CurrencyConverterTestGetSupportedCurrencies.test_get_supported_currencies_3) ... ok\ntest_get_supported_currencies_4 (tests_CurrencyConverter.CurrencyConverterTestGetSupportedCurrencies.test_get_supported_currencies_4) ... ok\ntest_get_supported_currencies_5 (tests_CurrencyConverter.CurrencyConverterTestGetSupportedCurrencies.test_get_supported_currencies_5) ... ok\ntest_update_currency_rate_1 (tests_CurrencyConverter.CurrencyConverterTestUpdateCurrencyRate.test_update_currency_rate_1) ... ok\ntest_update_currency_rate_2 (tests_CurrencyConverter.CurrencyConverterTestUpdateCurrencyRate.test_update_currency_rate_2) ... ok\ntest_update_currency_rate_3 (tests_Curr"
    },
    {
      "chunk_id": "test_output.txt::chunk_0003",
      "source": "data_code_translation_log/test_output.txt",
      "text": "_update_currency_rate_1) ... ok\ntest_update_currency_rate_2 (tests_CurrencyConverter.CurrencyConverterTestUpdateCurrencyRate.test_update_currency_rate_2) ... ok\ntest_update_currency_rate_3 (tests_CurrencyConverter.CurrencyConverterTestUpdateCurrencyRate.test_update_currency_rate_3) ... ok\ntest_update_currency_rate_4 (tests_CurrencyConverter.CurrencyConverterTestUpdateCurrencyRate.test_update_currency_rate_4) ... ok\ntest_update_currency_rate_5 (tests_CurrencyConverter.CurrencyConverterTestUpdateCurrencyRate.test_update_currency_rate_5) ... ok\ntest_update_currency_rate_6 (tests_CurrencyConverter.CurrencyConverterTestUpdateCurrencyRate.test_update_currency_rate_6) ... ok\ntest_caesar_decipher (tests_DecryptionUtils.DecryptionUtilsTestCaesarDecipher.test_caesar_decipher) ... ok\ntest_caesar_decipher_2 (tests_DecryptionUtils.DecryptionUtilsTestCaesarDecipher.test_caesar_decipher_2) ... ok\ntest_caesar_decipher_3 (tests_DecryptionUtils.DecryptionUtilsTestCaesarDecipher.test_caesar_decipher_3) ... ok\ntest_caesar_decipher_4 (tests_DecryptionUtils.DecryptionUtilsTestCaesarDecipher.test_caesar_decipher_4) ... ok\ntest_caesar_decipher_5 (tests_DecryptionUtils.DecryptionUtilsTestCaesarDecipher.test_caesar_decipher_5) ... ok\ntest_caesar_decipher_6 (tests_DecryptionUtils.DecryptionUtilsTestCaesarDecipher.test_caesar_decipher_6) ... ok\ntest_caesar_decipher_7 (tests_DecryptionUtils.DecryptionUtilsTestCaesarDecipher.test_caesar_decipher_7) ... ok\ntest_main (tests_DecryptionUtils.DecryptionUtilsTe"
    },
    {
      "chunk_id": "test_output.txt::chunk_0004",
      "source": "data_code_translation_log/test_output.txt",
      "text": "ecipher.test_caesar_decipher_6) ... ok\ntest_caesar_decipher_7 (tests_DecryptionUtils.DecryptionUtilsTestCaesarDecipher.test_caesar_decipher_7) ... ok\ntest_main (tests_DecryptionUtils.DecryptionUtilsTestMain.test_main) ... ok\ntest_rail_fence_decipher (tests_DecryptionUtils.DecryptionUtilsTestRailFenceDecipher.test_rail_fence_decipher) ... ok\ntest_rail_fence_decipher_2 (tests_DecryptionUtils.DecryptionUtilsTestRailFenceDecipher.test_rail_fence_decipher_2) ... ok\ntest_rail_fence_decipher_3 (tests_DecryptionUtils.DecryptionUtilsTestRailFenceDecipher.test_rail_fence_decipher_3) ... ok\ntest_rail_fence_decipher_4 (tests_DecryptionUtils.DecryptionUtilsTestRailFenceDecipher.test_rail_fence_decipher_4) ... ok\ntest_rail_fence_decipher_5 (tests_DecryptionUtils.DecryptionUtilsTestRailFenceDecipher.test_rail_fence_decipher_5) ... ok\ntest_vigenere_decipher (tests_DecryptionUtils.DecryptionUtilsTestVigenereDecipher.test_vigenere_decipher) ... ok\ntest_vigenere_decipher_2 (tests_DecryptionUtils.DecryptionUtilsTestVigenereDecipher.test_vigenere_decipher_2) ... ok\ntest_vigenere_decipher_3 (tests_DecryptionUtils.DecryptionUtilsTestVigenereDecipher.test_vigenere_decipher_3) ... ok\ntest_vigenere_decipher_4 (tests_DecryptionUtils.DecryptionUtilsTestVigenereDecipher.test_vigenere_decipher_4) ... ok\ntest_vigenere_decipher_5 (tests_DecryptionUtils.DecryptionUtilsTestVigenereDecipher.test_vigenere_decipher_5) ... ok\ntest_vigenere_decipher_6 (tests_DecryptionUtils.DecryptionUtilsTestVigenereDecipher.test"
    },
    {
      "chunk_id": "test_output.txt::chunk_0005",
      "source": "data_code_translation_log/test_output.txt",
      "text": "vigenere_decipher_5 (tests_DecryptionUtils.DecryptionUtilsTestVigenereDecipher.test_vigenere_decipher_5) ... ok\ntest_vigenere_decipher_6 (tests_DecryptionUtils.DecryptionUtilsTestVigenereDecipher.test_vigenere_decipher_6) ... ok\ntest_caesar_cipher (tests_EncryptionUtils.EncryptionUtilsTestCaesarCipher.test_caesar_cipher) ... ERROR\ntest_caesar_cipher_2 (tests_EncryptionUtils.EncryptionUtilsTestCaesarCipher.test_caesar_cipher_2) ... ERROR\ntest_caesar_cipher_3 (tests_EncryptionUtils.EncryptionUtilsTestCaesarCipher.test_caesar_cipher_3) ... ok\ntest_caesar_cipher_4 (tests_EncryptionUtils.EncryptionUtilsTestCaesarCipher.test_caesar_cipher_4) ... ERROR\ntest_caesar_cipher_5 (tests_EncryptionUtils.EncryptionUtilsTestCaesarCipher.test_caesar_cipher_5) ... ERROR\ntest_caesar_cipher_6 (tests_EncryptionUtils.EncryptionUtilsTestCaesarCipher.test_caesar_cipher_6) ... ok\ntest_main (tests_EncryptionUtils.EncryptionUtilsTestMain.test_main) ... ERROR\ntest_rail_fence_cipher (tests_EncryptionUtils.EncryptionUtilsTestRailFenceCipher.test_rail_fence_cipher) ... ok\ntest_rail_fence_cipher_2 (tests_EncryptionUtils.EncryptionUtilsTestRailFenceCipher.test_rail_fence_cipher_2) ... ok\ntest_rail_fence_cipher_3 (tests_EncryptionUtils.EncryptionUtilsTestRailFenceCipher.test_rail_fence_cipher_3) ... ok\ntest_rail_fence_cipher_4 (tests_EncryptionUtils.EncryptionUtilsTestRailFenceCipher.test_rail_fence_cipher_4) ... ok\ntest_rail_fence_cipher_5 (tests_EncryptionUtils.EncryptionUtilsTestRailFenceCipher.test_rail_fe"
    },
    {
      "chunk_id": "test_output.txt::chunk_0006",
      "source": "data_code_translation_log/test_output.txt",
      "text": "ence_cipher_4 (tests_EncryptionUtils.EncryptionUtilsTestRailFenceCipher.test_rail_fence_cipher_4) ... ok\ntest_rail_fence_cipher_5 (tests_EncryptionUtils.EncryptionUtilsTestRailFenceCipher.test_rail_fence_cipher_5) ... ok\ntest_rail_fence_cipher_6 (tests_EncryptionUtils.EncryptionUtilsTestRailFenceCipher.test_rail_fence_cipher_6) ... ok\ntest_vigenere_cipher (tests_EncryptionUtils.EncryptionUtilsTestVigenereCipher.test_vigenere_cipher) ... ERROR\ntest_vigenere_cipher_2 (tests_EncryptionUtils.EncryptionUtilsTestVigenereCipher.test_vigenere_cipher_2) ... ERROR\ntest_vigenere_cipher_3 (tests_EncryptionUtils.EncryptionUtilsTestVigenereCipher.test_vigenere_cipher_3) ... ERROR\ntest_vigenere_cipher_4 (tests_EncryptionUtils.EncryptionUtilsTestVigenereCipher.test_vigenere_cipher_4) ... ERROR\ntest_vigenere_cipher_5 (tests_EncryptionUtils.EncryptionUtilsTestVigenereCipher.test_vigenere_cipher_5) ... ok\ntest_main (tests_JSONProcessor.JSONProcessorTestMain.test_main) ... ERROR\ntest_process_json_1 (tests_JSONProcessor.JSONProcessorTestProcessJsonExistingKey.test_process_json_1) ... ERROR\ntest_process_json_2 (tests_JSONProcessor.JSONProcessorTestProcessJsonExistingKey.test_process_json_2) ... ERROR\ntest_process_json_3 (tests_JSONProcessor.JSONProcessorTestProcessJsonExistingKey.test_process_json_3) ... ok\ntest_process_json_4 (tests_JSONProcessor.JSONProcessorTestProcessJsonExistingKey.test_process_json_4) ... ERROR\ntest_process_json_5 (tests_JSONProcessor.JSONProcessorTestProcessJsonExistingKey."
    },
    {
      "chunk_id": "test_output.txt::chunk_0007",
      "source": "data_code_translation_log/test_output.txt",
      "text": "... ok\ntest_process_json_4 (tests_JSONProcessor.JSONProcessorTestProcessJsonExistingKey.test_process_json_4) ... ERROR\ntest_process_json_5 (tests_JSONProcessor.JSONProcessorTestProcessJsonExistingKey.test_process_json_5) ... ERROR\ntest_read_json_1 (tests_JSONProcessor.JSONProcessorTestReadJson.test_read_json_1) ... ERROR\ntest_read_json_2 (tests_JSONProcessor.JSONProcessorTestReadJson.test_read_json_2) ... ERROR\ntest_read_json_3 (tests_JSONProcessor.JSONProcessorTestReadJson.test_read_json_3) ... ERROR\ntest_read_json_4 (tests_JSONProcessor.JSONProcessorTestReadJson.test_read_json_4) ... ERROR\ntest_read_json_5 (tests_JSONProcessor.JSONProcessorTestReadJson.test_read_json_5) ... ERROR\ntest_write_json_1 (tests_JSONProcessor.JSONProcessorTestWriteJson.test_write_json_1) ... ok\ntest_write_json_2 (tests_JSONProcessor.JSONProcessorTestWriteJson.test_write_json_2) ... ok\ntest_write_json_3 (tests_JSONProcessor.JSONProcessorTestWriteJson.test_write_json_3) ... ok\ntest_write_json_4 (tests_JSONProcessor.JSONProcessorTestWriteJson.test_write_json_4) ... ok\ntest_write_json_5 (tests_JSONProcessor.JSONProcessorTestWriteJson.test_write_json_5) ... ok\ntest_order (tests_Order.OrderTest.test_order) ... ok\ntest_add_dish_1 (tests_Order.OrderTestAddDish.test_add_dish_1) ... ok\ntest_add_dish_2 (tests_Order.OrderTestAddDish.test_add_dish_2) ... ok\ntest_add_dish_3 (tests_Order.OrderTestAddDish.test_add_dish_3) ... ok\ntest_add_dish_4 (tests_Order.OrderTestAddDish.test_add_dish_4) ... ok\ntest_add_dish_5"
    },
    {
      "chunk_id": "test_output.txt::chunk_0008",
      "source": "data_code_translation_log/test_output.txt",
      "text": "er.OrderTestAddDish.test_add_dish_2) ... ok\ntest_add_dish_3 (tests_Order.OrderTestAddDish.test_add_dish_3) ... ok\ntest_add_dish_4 (tests_Order.OrderTestAddDish.test_add_dish_4) ... ok\ntest_add_dish_5 (tests_Order.OrderTestAddDish.test_add_dish_5) ... ok\ntest_add_dish_6 (tests_Order.OrderTestAddDish.test_add_dish_6) ... ok\ntest_calculate_total_1 (tests_Order.OrderTestCalculateTotal.test_calculate_total_1) ... ok\ntest_calculate_total_2 (tests_Order.OrderTestCalculateTotal.test_calculate_total_2) ... ok\ntest_calculate_total_3 (tests_Order.OrderTestCalculateTotal.test_calculate_total_3) ... ok\ntest_calculate_total_4 (tests_Order.OrderTestCalculateTotal.test_calculate_total_4) ... ok\ntest_calculate_total_5 (tests_Order.OrderTestCalculateTotal.test_calculate_total_5) ... ok\ntest_checkout_1 (tests_Order.OrderTestCheckout.test_checkout_1) ... ok\ntest_checkout_2 (tests_Order.OrderTestCheckout.test_checkout_2) ... ok\ntest_checkout_3 (tests_Order.OrderTestCheckout.test_checkout_3) ... ok\ntest_checkout_4 (tests_Order.OrderTestCheckout.test_checkout_4) ... ok\ntest_checkout_5 (tests_Order.OrderTestCheckout.test_checkout_5) ... ok\ntest_check_win_1 (tests_PushBoxGame.PushBoxGameTestCheckWin.test_check_win_1) ... ok\ntest_check_win_2 (tests_PushBoxGame.PushBoxGameTestCheckWin.test_check_win_2) ... ok\ntest_init_game_1 (tests_PushBoxGame.PushBoxGameTestInitGame.test_init_game_1) ... ok\ntest_init_game_2 (tests_PushBoxGame.PushBoxGameTestInitGame.test_init_game_2) ... FAIL\ntest_init_game_3 (tests_"
    },
    {
      "chunk_id": "test_output.txt::chunk_0009",
      "source": "data_code_translation_log/test_output.txt",
      "text": "ok\ntest_init_game_1 (tests_PushBoxGame.PushBoxGameTestInitGame.test_init_game_1) ... ok\ntest_init_game_2 (tests_PushBoxGame.PushBoxGameTestInitGame.test_init_game_2) ... FAIL\ntest_init_game_3 (tests_PushBoxGame.PushBoxGameTestInitGame.test_init_game_3) ... ok\ntest_init_game_4 (tests_PushBoxGame.PushBoxGameTestInitGame.test_init_game_4) ... ok\ntest_init_game_5 (tests_PushBoxGame.PushBoxGameTestInitGame.test_init_game_5) ... ok\ntest_init_game_6 (tests_PushBoxGame.PushBoxGameTestInitGame.test_init_game_6) ... ok\ntest_init_game_7 (tests_PushBoxGame.PushBoxGameTestInitGame.test_init_game_7) ... ok\ntest_move_1 (tests_PushBoxGame.PushBoxGameTestMove.test_move_1) ... ok\ntest_move_2 (tests_PushBoxGame.PushBoxGameTestMove.test_move_2) ... FAIL\ntest_move_3 (tests_PushBoxGame.PushBoxGameTestMove.test_move_3) ... FAIL\ntest_move_4 (tests_PushBoxGame.PushBoxGameTestMove.test_move_4) ... FAIL\ntest_move_5 (tests_PushBoxGame.PushBoxGameTestMove.test_move_5) ... FAIL\ntest_move_6 (tests_PushBoxGame.PushBoxGameTestMove.test_move_6) ... FAIL\ntest_move_7 (tests_PushBoxGame.PushBoxGameTestMove.test_move_7) ... FAIL\ntest_regexutils (tests_RegexUtils.RegexUtilsTest.test_regexutils) ... FAIL\ntest_extract_email_1 (tests_RegexUtils.RegexUtilsTestExtractEmail.test_extract_email_1) ... ok\ntest_extract_email_2 (tests_RegexUtils.RegexUtilsTestExtractEmail.test_extract_email_2) ... ok\ntest_extract_email_3 (tests_RegexUtils.RegexUtilsTestExtractEmail.test_extract_email_3) ... ok\ntest_extract_email_4 (tests_Re"
    },
    {
      "chunk_id": "test_output.txt::chunk_0010",
      "source": "data_code_translation_log/test_output.txt",
      "text": "(tests_RegexUtils.RegexUtilsTestExtractEmail.test_extract_email_2) ... ok\ntest_extract_email_3 (tests_RegexUtils.RegexUtilsTestExtractEmail.test_extract_email_3) ... ok\ntest_extract_email_4 (tests_RegexUtils.RegexUtilsTestExtractEmail.test_extract_email_4) ... ok\ntest_extract_email_5 (tests_RegexUtils.RegexUtilsTestExtractEmail.test_extract_email_5) ... ok\ntest_findall_1 (tests_RegexUtils.RegexUtilsTestFindall.test_findall_1) ... ok\ntest_findall_2 (tests_RegexUtils.RegexUtilsTestFindall.test_findall_2) ... ok\ntest_findall_3 (tests_RegexUtils.RegexUtilsTestFindall.test_findall_3) ... ok\ntest_findall_4 (tests_RegexUtils.RegexUtilsTestFindall.test_findall_4) ... ok\ntest_findall_5 (tests_RegexUtils.RegexUtilsTestFindall.test_findall_5) ... ok\ntest_generate_email_pattern_1 (tests_RegexUtils.RegexUtilsTestGenerateEmailPattern.test_generate_email_pattern_1) ... ok\ntest_generate_email_pattern_2 (tests_RegexUtils.RegexUtilsTestGenerateEmailPattern.test_generate_email_pattern_2) ... ok\ntest_generate_email_pattern_3 (tests_RegexUtils.RegexUtilsTestGenerateEmailPattern.test_generate_email_pattern_3) ... ok\ntest_generate_email_pattern_4 (tests_RegexUtils.RegexUtilsTestGenerateEmailPattern.test_generate_email_pattern_4) ... ok\ntest_generate_email_pattern_5 (tests_RegexUtils.RegexUtilsTestGenerateEmailPattern.test_generate_email_pattern_5) ... ok\ntest_generate_phone_number_pattern_1 (tests_RegexUtils.RegexUtilsTestGeneratePhoneNumberPattern.test_generate_phone_number_pattern_1) ... ok\ntest"
    },
    {
      "chunk_id": "test_output.txt::chunk_0011",
      "source": "data_code_translation_log/test_output.txt",
      "text": "rateEmailPattern.test_generate_email_pattern_5) ... ok\ntest_generate_phone_number_pattern_1 (tests_RegexUtils.RegexUtilsTestGeneratePhoneNumberPattern.test_generate_phone_number_pattern_1) ... ok\ntest_generate_phone_number_pattern_2 (tests_RegexUtils.RegexUtilsTestGeneratePhoneNumberPattern.test_generate_phone_number_pattern_2) ... ok\ntest_generate_phone_number_pattern_3 (tests_RegexUtils.RegexUtilsTestGeneratePhoneNumberPattern.test_generate_phone_number_pattern_3) ... ok\ntest_generate_phone_number_pattern_4 (tests_RegexUtils.RegexUtilsTestGeneratePhoneNumberPattern.test_generate_phone_number_pattern_4) ... ok\ntest_generate_phone_number_pattern_5 (tests_RegexUtils.RegexUtilsTestGeneratePhoneNumberPattern.test_generate_phone_number_pattern_5) ... ok\ntest_generate_split_sentences_pattern_1 (tests_RegexUtils.RegexUtilsTestGenerateSplitSentencesPattern.test_generate_split_sentences_pattern_1) ... ok\ntest_generate_split_sentences_pattern_2 (tests_RegexUtils.RegexUtilsTestGenerateSplitSentencesPattern.test_generate_split_sentences_pattern_2) ... ok\ntest_generate_split_sentences_pattern_3 (tests_RegexUtils.RegexUtilsTestGenerateSplitSentencesPattern.test_generate_split_sentences_pattern_3) ... ok\ntest_generate_split_sentences_pattern_4 (tests_RegexUtils.RegexUtilsTestGenerateSplitSentencesPattern.test_generate_split_sentences_pattern_4) ... ok\ntest_generate_split_sentences_pattern_5 (tests_RegexUtils.RegexUtilsTestGenerateSplitSentencesPattern.test_generate_split_sentences_pattern_"
    },
    {
      "chunk_id": "test_output.txt::chunk_0012",
      "source": "data_code_translation_log/test_output.txt",
      "text": "ncesPattern.test_generate_split_sentences_pattern_4) ... ok\ntest_generate_split_sentences_pattern_5 (tests_RegexUtils.RegexUtilsTestGenerateSplitSentencesPattern.test_generate_split_sentences_pattern_5) ... ok\ntest_match_1 (tests_RegexUtils.RegexUtilsTestMatch.test_match_1) ... ok\ntest_match_2 (tests_RegexUtils.RegexUtilsTestMatch.test_match_2) ... ok\ntest_match_3 (tests_RegexUtils.RegexUtilsTestMatch.test_match_3) ... ok\ntest_match_4 (tests_RegexUtils.RegexUtilsTestMatch.test_match_4) ... ok\ntest_match_5 (tests_RegexUtils.RegexUtilsTestMatch.test_match_5) ... ok\ntest_split_1 (tests_RegexUtils.RegexUtilsTestSplit.test_split_1) ... FAIL\ntest_split_2 (tests_RegexUtils.RegexUtilsTestSplit.test_split_2) ... ok\ntest_split_3 (tests_RegexUtils.RegexUtilsTestSplit.test_split_3) ... FAIL\ntest_split_4 (tests_RegexUtils.RegexUtilsTestSplit.test_split_4) ... FAIL\ntest_split_5 (tests_RegexUtils.RegexUtilsTestSplit.test_split_5) ... FAIL\ntest_split_sentences_1 (tests_RegexUtils.RegexUtilsTestSplitSentences.test_split_sentences_1) ... ok\ntest_split_sentences_2 (tests_RegexUtils.RegexUtilsTestSplitSentences.test_split_sentences_2) ... ok\ntest_split_sentences_3 (tests_RegexUtils.RegexUtilsTestSplitSentences.test_split_sentences_3) ... ok\ntest_split_sentences_4 (tests_RegexUtils.RegexUtilsTestSplitSentences.test_split_sentences_4) ... ok\ntest_split_sentences_5 (tests_RegexUtils.RegexUtilsTestSplitSentences.test_split_sentences_5) ... ok\ntest_sub_1 (tests_RegexUtils.RegexUtilsTestSub.test_sub_1"
    },
    {
      "chunk_id": "test_output.txt::chunk_0013",
      "source": "data_code_translation_log/test_output.txt",
      "text": "tSentences.test_split_sentences_4) ... ok\ntest_split_sentences_5 (tests_RegexUtils.RegexUtilsTestSplitSentences.test_split_sentences_5) ... ok\ntest_sub_1 (tests_RegexUtils.RegexUtilsTestSub.test_sub_1) ... ok\ntest_sub_2 (tests_RegexUtils.RegexUtilsTestSub.test_sub_2) ... ok\ntest_sub_3 (tests_RegexUtils.RegexUtilsTestSub.test_sub_3) ... ok\ntest_sub_4 (tests_RegexUtils.RegexUtilsTestSub.test_sub_4) ... ok\ntest_sub_5 (tests_RegexUtils.RegexUtilsTestSub.test_sub_5) ... ok\ntest_validate_phone_number_1 (tests_RegexUtils.RegexUtilsTestValidatePhoneNumber.test_validate_phone_number_1) ... ok\ntest_validate_phone_number_2 (tests_RegexUtils.RegexUtilsTestValidatePhoneNumber.test_validate_phone_number_2) ... ok\ntest_validate_phone_number_3 (tests_RegexUtils.RegexUtilsTestValidatePhoneNumber.test_validate_phone_number_3) ... ok\ntest_validate_phone_number_4 (tests_RegexUtils.RegexUtilsTestValidatePhoneNumber.test_validate_phone_number_4) ... ok\ntest_validate_phone_number_5 (tests_RegexUtils.RegexUtilsTestValidatePhoneNumber.test_validate_phone_number_5) ... ok\ntest_delete (tests_SQLGenerator.SQLGeneratorTestDelete.test_delete) ... ERROR\ntest_delete_2 (tests_SQLGenerator.SQLGeneratorTestDelete.test_delete_2) ... ERROR\ntest_delete_3 (tests_SQLGenerator.SQLGeneratorTestDelete.test_delete_3) ... ERROR\ntest_delete_4 (tests_SQLGenerator.SQLGeneratorTestDelete.test_delete_4) ... ERROR\ntest_delete_5 (tests_SQLGenerator.SQLGeneratorTestDelete.test_delete_5) ... ERROR\ntest_insert (tests_SQLGenerator"
    },
    {
      "chunk_id": "test_output.txt::chunk_0014",
      "source": "data_code_translation_log/test_output.txt",
      "text": "RROR\ntest_delete_4 (tests_SQLGenerator.SQLGeneratorTestDelete.test_delete_4) ... ERROR\ntest_delete_5 (tests_SQLGenerator.SQLGeneratorTestDelete.test_delete_5) ... ERROR\ntest_insert (tests_SQLGenerator.SQLGeneratorTestInsert.test_insert) ... ok\ntest_insert_2 (tests_SQLGenerator.SQLGeneratorTestInsert.test_insert_2) ... ok\ntest_insert_3 (tests_SQLGenerator.SQLGeneratorTestInsert.test_insert_3) ... ok\ntest_insert_4 (tests_SQLGenerator.SQLGeneratorTestInsert.test_insert_4) ... ok\ntest_insert_5 (tests_SQLGenerator.SQLGeneratorTestInsert.test_insert_5) ... ok\ntest_main (tests_SQLGenerator.SQLGeneratorTestMain.test_main) ... ERROR\ntest_select_1 (tests_SQLGenerator.SQLGeneratorTestSelect.test_select_1) ... ok\ntest_select_2 (tests_SQLGenerator.SQLGeneratorTestSelect.test_select_2) ... ok\ntest_select_3 (tests_SQLGenerator.SQLGeneratorTestSelect.test_select_3) ... ok\ntest_select_4 (tests_SQLGenerator.SQLGeneratorTestSelect.test_select_4) ... ok\ntest_select_5 (tests_SQLGenerator.SQLGeneratorTestSelect.test_select_5) ... ok\ntest_select_6 (tests_SQLGenerator.SQLGeneratorTestSelect.test_select_6) ... ok\ntest_select_by_age_range (tests_SQLGenerator.SQLGeneratorTestSelectByAgeRange.test_select_by_age_range) ... ok\ntest_select_by_age_range_2 (tests_SQLGenerator.SQLGeneratorTestSelectByAgeRange.test_select_by_age_range_2) ... ok\ntest_select_by_age_range_3 (tests_SQLGenerator.SQLGeneratorTestSelectByAgeRange.test_select_by_age_range_3) ... ok\ntest_select_by_age_range_4 (tests_SQLGenerator.SQLGen"
    },
    {
      "chunk_id": "test_output.txt::chunk_0015",
      "source": "data_code_translation_log/test_output.txt",
      "text": "t_select_by_age_range_2) ... ok\ntest_select_by_age_range_3 (tests_SQLGenerator.SQLGeneratorTestSelectByAgeRange.test_select_by_age_range_3) ... ok\ntest_select_by_age_range_4 (tests_SQLGenerator.SQLGeneratorTestSelectByAgeRange.test_select_by_age_range_4) ... ok\ntest_select_by_age_range_5 (tests_SQLGenerator.SQLGeneratorTestSelectByAgeRange.test_select_by_age_range_5) ... ok\ntest_select_female_under_age (tests_SQLGenerator.SQLGeneratorTestSelectFemaleUnderAge.test_select_female_under_age) ... ok\ntest_select_female_under_age_2 (tests_SQLGenerator.SQLGeneratorTestSelectFemaleUnderAge.test_select_female_under_age_2) ... ok\ntest_select_female_under_age_3 (tests_SQLGenerator.SQLGeneratorTestSelectFemaleUnderAge.test_select_female_under_age_3) ... ok\ntest_select_female_under_age_4 (tests_SQLGenerator.SQLGeneratorTestSelectFemaleUnderAge.test_select_female_under_age_4) ... ok\ntest_select_female_under_age_5 (tests_SQLGenerator.SQLGeneratorTestSelectFemaleUnderAge.test_select_female_under_age_5) ... ok\ntest_update (tests_SQLGenerator.SQLGeneratorTestUpdate.test_update) ... ok\ntest_update_2 (tests_SQLGenerator.SQLGeneratorTestUpdate.test_update_2) ... ok\ntest_update_3 (tests_SQLGenerator.SQLGeneratorTestUpdate.test_update_3) ... ok\ntest_update_4 (tests_SQLGenerator.SQLGeneratorTestUpdate.test_update_4) ... ok\ntest_update_5 (tests_SQLGenerator.SQLGeneratorTestUpdate.test_update_5) ... ok\ntest_delete_1 (tests_SQLQueryBuilder.SQLQueryBuilderTestDetele.test_delete_1) ... ERROR\ntest_delete_2"
    },
    {
      "chunk_id": "test_output.txt::chunk_0016",
      "source": "data_code_translation_log/test_output.txt",
      "text": "st_update_4) ... ok\ntest_update_5 (tests_SQLGenerator.SQLGeneratorTestUpdate.test_update_5) ... ok\ntest_delete_1 (tests_SQLQueryBuilder.SQLQueryBuilderTestDetele.test_delete_1) ... ERROR\ntest_delete_2 (tests_SQLQueryBuilder.SQLQueryBuilderTestDetele.test_delete_2) ... ERROR\ntest_delete_3 (tests_SQLQueryBuilder.SQLQueryBuilderTestDetele.test_delete_3) ... ERROR\ntest_delete_4 (tests_SQLQueryBuilder.SQLQueryBuilderTestDetele.test_delete_4) ... ERROR\ntest_delete_5 (tests_SQLQueryBuilder.SQLQueryBuilderTestDetele.test_delete_5) ... ERROR\ntest_delete_6 (tests_SQLQueryBuilder.SQLQueryBuilderTestDetele.test_delete_6) ... ERROR\ntest_insert_1 (tests_SQLQueryBuilder.SQLQueryBuilderTestInsert.test_insert_1) ... FAIL\ntest_insert_2 (tests_SQLQueryBuilder.SQLQueryBuilderTestInsert.test_insert_2) ... FAIL\ntest_insert_3 (tests_SQLQueryBuilder.SQLQueryBuilderTestInsert.test_insert_3) ... FAIL\ntest_insert_4 (tests_SQLQueryBuilder.SQLQueryBuilderTestInsert.test_insert_4) ... FAIL\ntest_insert_5 (tests_SQLQueryBuilder.SQLQueryBuilderTestInsert.test_insert_5) ... FAIL\ntest_main (tests_SQLQueryBuilder.SQLQueryBuilderTestMain.test_main) ... ERROR\ntest_select_1 (tests_SQLQueryBuilder.SQLQueryBuilderTestSelect.test_select_1) ... ERROR\ntest_select_2 (tests_SQLQueryBuilder.SQLQueryBuilderTestSelect.test_select_2) ... ERROR\ntest_select_3 (tests_SQLQueryBuilder.SQLQueryBuilderTestSelect.test_select_3) ... ERROR\ntest_select_4 (tests_SQLQueryBuilder.SQLQueryBuilderTestSelect.test_select_4) ... ERROR\ntest_sel"
    },
    {
      "chunk_id": "test_output.txt::chunk_0017",
      "source": "data_code_translation_log/test_output.txt",
      "text": "ct_2) ... ERROR\ntest_select_3 (tests_SQLQueryBuilder.SQLQueryBuilderTestSelect.test_select_3) ... ERROR\ntest_select_4 (tests_SQLQueryBuilder.SQLQueryBuilderTestSelect.test_select_4) ... ERROR\ntest_select_5 (tests_SQLQueryBuilder.SQLQueryBuilderTestSelect.test_select_5) ... ERROR\ntest_select_6 (tests_SQLQueryBuilder.SQLQueryBuilderTestSelect.test_select_6) ... ok\ntest_select_7 (tests_SQLQueryBuilder.SQLQueryBuilderTestSelect.test_select_7) ... ok\ntest_update_1 (tests_SQLQueryBuilder.SQLQueryBuilderTestUpdate.test_update_1) ... FAIL\ntest_update_2 (tests_SQLQueryBuilder.SQLQueryBuilderTestUpdate.test_update_2) ... FAIL\ntest_update_3 (tests_SQLQueryBuilder.SQLQueryBuilderTestUpdate.test_update_3) ... FAIL\ntest_update_4 (tests_SQLQueryBuilder.SQLQueryBuilderTestUpdate.test_update_4) ... FAIL\ntest_update_5 (tests_SQLQueryBuilder.SQLQueryBuilderTestUpdate.test_update_5) ... FAIL\ntest_update_6 (tests_SQLQueryBuilder.SQLQueryBuilderTestUpdate.test_update_6) ... FAIL\ntest_server (tests_Server.ServerTest.test_server) ... FAIL\ntest_add_white_list_1 (tests_Server.ServerTestAddWhiteList.test_add_white_list_1) ... ok\ntest_add_white_list_2 (tests_Server.ServerTestAddWhiteList.test_add_white_list_2) ... FAIL\ntest_add_white_list_3 (tests_Server.ServerTestAddWhiteList.test_add_white_list_3) ... FAIL\ntest_add_white_list_4 (tests_Server.ServerTestAddWhiteList.test_add_white_list_4) ... ok\ntest_add_white_list_5 (tests_Server.ServerTestAddWhiteList.test_add_white_list_5) ... FAIL\ntest_del_white_lis"
    },
    {
      "chunk_id": "test_output.txt::chunk_0018",
      "source": "data_code_translation_log/test_output.txt",
      "text": "L\ntest_add_white_list_4 (tests_Server.ServerTestAddWhiteList.test_add_white_list_4) ... ok\ntest_add_white_list_5 (tests_Server.ServerTestAddWhiteList.test_add_white_list_5) ... FAIL\ntest_del_white_list_1 (tests_Server.ServerTestDelWhiteList.test_del_white_list_1) ... ok\ntest_del_white_list_2 (tests_Server.ServerTestDelWhiteList.test_del_white_list_2) ... FAIL\ntest_del_white_list_3 (tests_Server.ServerTestDelWhiteList.test_del_white_list_3) ... FAIL\ntest_del_white_list_4 (tests_Server.ServerTestDelWhiteList.test_del_white_list_4) ... FAIL\ntest_del_white_list_5 (tests_Server.ServerTestDelWhiteList.test_del_white_list_5) ... FAIL\ntest_recv_1 (tests_Server.ServerTestRecv.test_recv_1) ... FAIL\ntest_recv_2 (tests_Server.ServerTestRecv.test_recv_2) ... ok\ntest_recv_3 (tests_Server.ServerTestRecv.test_recv_3) ... ok\ntest_recv_4 (tests_Server.ServerTestRecv.test_recv_4) ... ok\ntest_recv_5 (tests_Server.ServerTestRecv.test_recv_5) ... ok\ntest_send_1 (tests_Server.ServerTestSend.test_send_1) ... ok\ntest_send_2 (tests_Server.ServerTestSend.test_send_2) ... ok\ntest_send_3 (tests_Server.ServerTestSend.test_send_3) ... ok\ntest_send_4 (tests_Server.ServerTestSend.test_send_4) ... ok\ntest_send_5 (tests_Server.ServerTestSend.test_send_5) ... ok\ntest_show_1 (tests_Server.ServerTestShow.test_show_1) ... ok\ntest_show_2 (tests_Server.ServerTestShow.test_show_2) ... FAIL\ntest_show_3 (tests_Server.ServerTestShow.test_show_3) ... FAIL\ntest_show_4 (tests_Server.ServerTestShow.test_show_4) ... ok\ntest_"
    },
    {
      "chunk_id": "test_output.txt::chunk_0019",
      "source": "data_code_translation_log/test_output.txt",
      "text": "... ok\ntest_show_2 (tests_Server.ServerTestShow.test_show_2) ... FAIL\ntest_show_3 (tests_Server.ServerTestShow.test_show_3) ... FAIL\ntest_show_4 (tests_Server.ServerTestShow.test_show_4) ... ok\ntest_show_5 (tests_Server.ServerTestShow.test_show_5) ... ok\ntest_shoppingcart (tests_ShoppingCart.ShoppingCartTest.test_shoppingcart) ... ok\ntest_add_item_1 (tests_ShoppingCart.ShoppingCartTestAddItem.test_add_item_1) ... ok\ntest_add_item_2 (tests_ShoppingCart.ShoppingCartTestAddItem.test_add_item_2) ... ok\ntest_add_item_3 (tests_ShoppingCart.ShoppingCartTestAddItem.test_add_item_3) ... ok\ntest_add_item_4 (tests_ShoppingCart.ShoppingCartTestAddItem.test_add_item_4) ... ok\ntest_add_item_5 (tests_ShoppingCart.ShoppingCartTestAddItem.test_add_item_5) ... ok\ntest_add_item_6 (tests_ShoppingCart.ShoppingCartTestAddItem.test_add_item_6) ... ok\ntest_remove_item_1 (tests_ShoppingCart.ShoppingCartTestRemoveItem.test_remove_item_1) ... ok\ntest_remove_item_2 (tests_ShoppingCart.ShoppingCartTestRemoveItem.test_remove_item_2) ... ok\ntest_remove_item_3 (tests_ShoppingCart.ShoppingCartTestRemoveItem.test_remove_item_3) ... ok\ntest_remove_item_4 (tests_ShoppingCart.ShoppingCartTestRemoveItem.test_remove_item_4) ... ok\ntest_remove_item_5 (tests_ShoppingCart.ShoppingCartTestRemoveItem.test_remove_item_5) ... ok\ntest_remove_item_6 (tests_ShoppingCart.ShoppingCartTestRemoveItem.test_remove_item_6) ... ok\ntest_total_price_1 (tests_ShoppingCart.ShoppingCartTestTotalPrice.test_total_price_1) ... ok\ntest_tot"
    },
    {
      "chunk_id": "test_output.txt::chunk_0020",
      "source": "data_code_translation_log/test_output.txt",
      "text": ".. ok\ntest_remove_item_6 (tests_ShoppingCart.ShoppingCartTestRemoveItem.test_remove_item_6) ... ok\ntest_total_price_1 (tests_ShoppingCart.ShoppingCartTestTotalPrice.test_total_price_1) ... ok\ntest_total_price_2 (tests_ShoppingCart.ShoppingCartTestTotalPrice.test_total_price_2) ... ok\ntest_total_price_3 (tests_ShoppingCart.ShoppingCartTestTotalPrice.test_total_price_3) ... ok\ntest_total_price_4 (tests_ShoppingCart.ShoppingCartTestTotalPrice.test_total_price_4) ... ok\ntest_total_price_5 (tests_ShoppingCart.ShoppingCartTestTotalPrice.test_total_price_5) ... ok\ntest_view_items_1 (tests_ShoppingCart.ShoppingCartTestViewItems.test_view_items_1) ... ok\ntest_view_items_2 (tests_ShoppingCart.ShoppingCartTestViewItems.test_view_items_2) ... ok\ntest_view_items_3 (tests_ShoppingCart.ShoppingCartTestViewItems.test_view_items_3) ... ok\ntest_view_items_4 (tests_ShoppingCart.ShoppingCartTestViewItems.test_view_items_4) ... ok\ntest_view_items_5 (tests_ShoppingCart.ShoppingCartTestViewItems.test_view_items_5) ... ok\ntest_add_stock (tests_StockPortfolioTracker.StockPortfolioTrackerTestAddStock.test_add_stock) ... ok\ntest_add_stock_2 (tests_StockPortfolioTracker.StockPortfolioTrackerTestAddStock.test_add_stock_2) ... ok\ntest_add_stock_3 (tests_StockPortfolioTracker.StockPortfolioTrackerTestAddStock.test_add_stock_3) ... ok\ntest_add_stock_4 (tests_StockPortfolioTracker.StockPortfolioTrackerTestAddStock.test_add_stock_4) ... ok\ntest_add_stock_5 (tests_StockPortfolioTracker.StockPortfolioTrackerTes"
    },
    {
      "chunk_id": "test_output.txt::chunk_0021",
      "source": "data_code_translation_log/test_output.txt",
      "text": "test_add_stock_3) ... ok\ntest_add_stock_4 (tests_StockPortfolioTracker.StockPortfolioTrackerTestAddStock.test_add_stock_4) ... ok\ntest_add_stock_5 (tests_StockPortfolioTracker.StockPortfolioTrackerTestAddStock.test_add_stock_5) ... ok\ntest_buy_stock (tests_StockPortfolioTracker.StockPortfolioTrackerTestBuyStock.test_buy_stock) ... ok\ntest_buy_stock_2 (tests_StockPortfolioTracker.StockPortfolioTrackerTestBuyStock.test_buy_stock_2) ... ok\ntest_buy_stock_3 (tests_StockPortfolioTracker.StockPortfolioTrackerTestBuyStock.test_buy_stock_3) ... ok\ntest_buy_stock_4 (tests_StockPortfolioTracker.StockPortfolioTrackerTestBuyStock.test_buy_stock_4) ... ok\ntest_buy_stock_5 (tests_StockPortfolioTracker.StockPortfolioTrackerTestBuyStock.test_buy_stock_5) ... ok\ntest_calculate_portfolio_value (tests_StockPortfolioTracker.StockPortfolioTrackerTestCalculatePortfolioValue.test_calculate_portfolio_value) ... ok\ntest_calculate_portfolio_value_2 (tests_StockPortfolioTracker.StockPortfolioTrackerTestCalculatePortfolioValue.test_calculate_portfolio_value_2) ... ok\ntest_calculate_portfolio_value_3 (tests_StockPortfolioTracker.StockPortfolioTrackerTestCalculatePortfolioValue.test_calculate_portfolio_value_3) ... ok\ntest_calculate_portfolio_value_4 (tests_StockPortfolioTracker.StockPortfolioTrackerTestCalculatePortfolioValue.test_calculate_portfolio_value_4) ... ok\ntest_calculate_portfolio_value_5 (tests_StockPortfolioTracker.StockPortfolioTrackerTestCalculatePortfolioValue.test_calculate_portfolio_valu"
    },
    {
      "chunk_id": "test_output.txt::chunk_0022",
      "source": "data_code_translation_log/test_output.txt",
      "text": "latePortfolioValue.test_calculate_portfolio_value_4) ... ok\ntest_calculate_portfolio_value_5 (tests_StockPortfolioTracker.StockPortfolioTrackerTestCalculatePortfolioValue.test_calculate_portfolio_value_5) ... ok\ntest_get_portfolio_summary (tests_StockPortfolioTracker.StockPortfolioTrackerTestGetPortfolioSummary.test_get_portfolio_summary) ... ok\ntest_get_portfolio_summary_2 (tests_StockPortfolioTracker.StockPortfolioTrackerTestGetPortfolioSummary.test_get_portfolio_summary_2) ... ok\ntest_get_portfolio_summary_3 (tests_StockPortfolioTracker.StockPortfolioTrackerTestGetPortfolioSummary.test_get_portfolio_summary_3) ... ok\ntest_get_portfolio_summary_4 (tests_StockPortfolioTracker.StockPortfolioTrackerTestGetPortfolioSummary.test_get_portfolio_summary_4) ... ok\ntest_get_portfolio_summary_5 (tests_StockPortfolioTracker.StockPortfolioTrackerTestGetPortfolioSummary.test_get_portfolio_summary_5) ... ok\ntest_get_stock_value (tests_StockPortfolioTracker.StockPortfolioTrackerTestGetStockValue.test_get_stock_value) ... ok\ntest_get_stock_value_2 (tests_StockPortfolioTracker.StockPortfolioTrackerTestGetStockValue.test_get_stock_value_2) ... ok\ntest_get_stock_value_3 (tests_StockPortfolioTracker.StockPortfolioTrackerTestGetStockValue.test_get_stock_value_3) ... ok\ntest_get_stock_value_4 (tests_StockPortfolioTracker.StockPortfolioTrackerTestGetStockValue.test_get_stock_value_4) ... ok\ntest_get_stock_value_5 (tests_StockPortfolioTracker.StockPortfolioTrackerTestGetStockValue.test_get_stock_va"
    },
    {
      "chunk_id": "test_output.txt::chunk_0023",
      "source": "data_code_translation_log/test_output.txt",
      "text": "StockPortfolioTracker.StockPortfolioTrackerTestGetStockValue.test_get_stock_value_4) ... ok\ntest_get_stock_value_5 (tests_StockPortfolioTracker.StockPortfolioTrackerTestGetStockValue.test_get_stock_value_5) ... ok\ntest_main (tests_StockPortfolioTracker.StockPortfolioTrackerTestMain.test_main) ... ok\ntest_main_2 (tests_StockPortfolioTracker.StockPortfolioTrackerTestMain.test_main_2) ... ok\ntest_main_3 (tests_StockPortfolioTracker.StockPortfolioTrackerTestMain.test_main_3) ... ok\ntest_remove_stock (tests_StockPortfolioTracker.StockPortfolioTrackerTestRemoveStock.test_remove_stock) ... ok\ntest_remove_stock_2 (tests_StockPortfolioTracker.StockPortfolioTrackerTestRemoveStock.test_remove_stock_2) ... ok\ntest_remove_stock_3 (tests_StockPortfolioTracker.StockPortfolioTrackerTestRemoveStock.test_remove_stock_3) ... ok\ntest_remove_stock_4 (tests_StockPortfolioTracker.StockPortfolioTrackerTestRemoveStock.test_remove_stock_4) ... ok\ntest_remove_stock_5 (tests_StockPortfolioTracker.StockPortfolioTrackerTestRemoveStock.test_remove_stock_5) ... ok\ntest_sell_stock (tests_StockPortfolioTracker.StockPortfolioTrackerTestSellStock.test_sell_stock) ... ok\ntest_sell_stock_2 (tests_StockPortfolioTracker.StockPortfolioTrackerTestSellStock.test_sell_stock_2) ... ok\ntest_sell_stock_3 (tests_StockPortfolioTracker.StockPortfolioTrackerTestSellStock.test_sell_stock_3) ... ok\ntest_sell_stock_4 (tests_StockPortfolioTracker.StockPortfolioTrackerTestSellStock.test_sell_stock_4) ... ok\ntest_sell_stock_5 (test"
    },
    {
      "chunk_id": "test_output.txt::chunk_0024",
      "source": "data_code_translation_log/test_output.txt",
      "text": "Tracker.StockPortfolioTrackerTestSellStock.test_sell_stock_3) ... ok\ntest_sell_stock_4 (tests_StockPortfolioTracker.StockPortfolioTrackerTestSellStock.test_sell_stock_4) ... ok\ntest_sell_stock_5 (tests_StockPortfolioTracker.StockPortfolioTrackerTestSellStock.test_sell_stock_5) ... ok\ntest_main (tests_TextFileProcessor.TextFileProcessorTestMain.test_main) ... ok\ntest_process_file_1 (tests_TextFileProcessor.TextFileProcessorTestProcessFile.test_process_file_1) ... ok\ntest_process_file_2 (tests_TextFileProcessor.TextFileProcessorTestProcessFile.test_process_file_2) ... ok\ntest_process_file_3 (tests_TextFileProcessor.TextFileProcessorTestProcessFile.test_process_file_3) ... ok\ntest_process_file_4 (tests_TextFileProcessor.TextFileProcessorTestProcessFile.test_process_file_4) ... ok\ntest_process_file_5 (tests_TextFileProcessor.TextFileProcessorTestProcessFile.test_process_file_5) ... ok\ntest_read_file_1 (tests_TextFileProcessor.TextFileProcessorTestReadFile.test_read_file_1) ... ok\ntest_read_file_2 (tests_TextFileProcessor.TextFileProcessorTestReadFile.test_read_file_2) ... ok\ntest_read_file_3 (tests_TextFileProcessor.TextFileProcessorTestReadFile.test_read_file_3) ... ok\ntest_read_file_4 (tests_TextFileProcessor.TextFileProcessorTestReadFile.test_read_file_4) ... ok\ntest_read_file_5 (tests_TextFileProcessor.TextFileProcessorTestReadFile.test_read_file_5) ... ok\ntest_read_file_as_json_1 (tests_TextFileProcessor.TextFileProcessorTestReadFileAsJson.test_read_file_as_json_1) ... ok\nte"
    },
    {
      "chunk_id": "test_output.txt::chunk_0025",
      "source": "data_code_translation_log/test_output.txt",
      "text": "tests_TextFileProcessor.TextFileProcessorTestReadFile.test_read_file_5) ... ok\ntest_read_file_as_json_1 (tests_TextFileProcessor.TextFileProcessorTestReadFileAsJson.test_read_file_as_json_1) ... ok\ntest_read_file_as_json_2 (tests_TextFileProcessor.TextFileProcessorTestReadFileAsJson.test_read_file_as_json_2) ... ok\ntest_read_file_as_json_3 (tests_TextFileProcessor.TextFileProcessorTestReadFileAsJson.test_read_file_as_json_3) ... ok\ntest_read_file_as_json_4 (tests_TextFileProcessor.TextFileProcessorTestReadFileAsJson.test_read_file_as_json_4) ... ok\ntest_read_file_as_json_5 (tests_TextFileProcessor.TextFileProcessorTestReadFileAsJson.test_read_file_as_json_5) ... ok\ntest_write_file_1 (tests_TextFileProcessor.TextFileProcessorTestWriteFile.test_write_file_1) ... ok\ntest_write_file_2 (tests_TextFileProcessor.TextFileProcessorTestWriteFile.test_write_file_2) ... ok\ntest_write_file_3 (tests_TextFileProcessor.TextFileProcessorTestWriteFile.test_write_file_3) ... ok\ntest_write_file_4 (tests_TextFileProcessor.TextFileProcessorTestWriteFile.test_write_file_4) ... ok\ntest_write_file_5 (tests_TextFileProcessor.TextFileProcessorTestWriteFile.test_write_file_5) ... ok\ntest_check_winner_1 (tests_TicTacToe.TicTacToeTestCheckWinner.test_check_winner_1) ... ok\ntest_check_winner_2 (tests_TicTacToe.TicTacToeTestCheckWinner.test_check_winner_2) ... ok\ntest_check_winner_3 (tests_TicTacToe.TicTacToeTestCheckWinner.test_check_winner_3) ... ok\ntest_check_winner_4 (tests_TicTacToe.TicTacToeTestCheckW"
    },
    {
      "chunk_id": "test_output.txt::chunk_0026",
      "source": "data_code_translation_log/test_output.txt",
      "text": ".TicTacToeTestCheckWinner.test_check_winner_2) ... ok\ntest_check_winner_3 (tests_TicTacToe.TicTacToeTestCheckWinner.test_check_winner_3) ... ok\ntest_check_winner_4 (tests_TicTacToe.TicTacToeTestCheckWinner.test_check_winner_4) ... ok\ntest_check_winner_5 (tests_TicTacToe.TicTacToeTestCheckWinner.test_check_winner_5) ... FAIL\ntest_is_board_full_1 (tests_TicTacToe.TicTacToeTestIsBoardFull.test_is_board_full_1) ... ok\ntest_is_board_full_2 (tests_TicTacToe.TicTacToeTestIsBoardFull.test_is_board_full_2) ... ok\ntest_is_board_full_3 (tests_TicTacToe.TicTacToeTestIsBoardFull.test_is_board_full_3) ... ok\ntest_is_board_full_4 (tests_TicTacToe.TicTacToeTestIsBoardFull.test_is_board_full_4) ... ok\ntest_is_board_full_5 (tests_TicTacToe.TicTacToeTestIsBoardFull.test_is_board_full_5) ... ok\ntest_main (tests_TicTacToe.TicTacToeTestMain.test_main) ... FAIL\ntest_make_move_1 (tests_TicTacToe.TicTacToeTestMakeMove.test_make_move_1) ... ok\ntest_make_move_2 (tests_TicTacToe.TicTacToeTestMakeMove.test_make_move_2) ... ok\ntest_make_move_3 (tests_TicTacToe.TicTacToeTestMakeMove.test_make_move_3) ... ok\ntest_make_move_4 (tests_TicTacToe.TicTacToeTestMakeMove.test_make_move_4) ... ok\ntest_make_move_5 (tests_TicTacToe.TicTacToeTestMakeMove.test_make_move_5) ... ok\ntest_urlhandler (tests_URLHandler.URLHandlerTest.test_urlhandler) ... ok\ntest_get_fragment_1 (tests_URLHandler.URLHandlerTestGetFragment.test_get_fragment_1) ... ok\ntest_get_fragment_2 (tests_URLHandler.URLHandlerTestGetFragment.test_get_fragme"
    },
    {
      "chunk_id": "test_output.txt::chunk_0027",
      "source": "data_code_translation_log/test_output.txt",
      "text": "Test.test_urlhandler) ... ok\ntest_get_fragment_1 (tests_URLHandler.URLHandlerTestGetFragment.test_get_fragment_1) ... ok\ntest_get_fragment_2 (tests_URLHandler.URLHandlerTestGetFragment.test_get_fragment_2) ... FAIL\ntest_get_fragment_3 (tests_URLHandler.URLHandlerTestGetFragment.test_get_fragment_3) ... ok\ntest_get_fragment_4 (tests_URLHandler.URLHandlerTestGetFragment.test_get_fragment_4) ... ok\ntest_get_fragment_5 (tests_URLHandler.URLHandlerTestGetFragment.test_get_fragment_5) ... ok\ntest_get_host_1 (tests_URLHandler.URLHandlerTestGetHost.test_get_host_1) ... ok\ntest_get_host_2 (tests_URLHandler.URLHandlerTestGetHost.test_get_host_2) ... ok\ntest_get_host_3 (tests_URLHandler.URLHandlerTestGetHost.test_get_host_3) ... ok\ntest_get_host_4 (tests_URLHandler.URLHandlerTestGetHost.test_get_host_4) ... ok\ntest_get_host_5 (tests_URLHandler.URLHandlerTestGetHost.test_get_host_5) ... ok\ntest_get_host_6 (tests_URLHandler.URLHandlerTestGetHost.test_get_host_6) ... FAIL\ntest_get_host_7 (tests_URLHandler.URLHandlerTestGetHost.test_get_host_7) ... ok\ntest_get_host_8 (tests_URLHandler.URLHandlerTestGetHost.test_get_host_8) ... ok\ntest_get_path_1 (tests_URLHandler.URLHandlerTestGetPath.test_get_path_1) ... ok\ntest_get_path_2 (tests_URLHandler.URLHandlerTestGetPath.test_get_path_2) ... ok\ntest_get_path_3 (tests_URLHandler.URLHandlerTestGetPath.test_get_path_3) ... ok\ntest_get_path_4 (tests_URLHandler.URLHandlerTestGetPath.test_get_path_4) ... ok\ntest_get_path_5 (tests_URLHandler.URLHandlerTes"
    },
    {
      "chunk_id": "test_output.txt::chunk_0028",
      "source": "data_code_translation_log/test_output.txt",
      "text": "t_path_3 (tests_URLHandler.URLHandlerTestGetPath.test_get_path_3) ... ok\ntest_get_path_4 (tests_URLHandler.URLHandlerTestGetPath.test_get_path_4) ... ok\ntest_get_path_5 (tests_URLHandler.URLHandlerTestGetPath.test_get_path_5) ... ok\ntest_get_path_6 (tests_URLHandler.URLHandlerTestGetPath.test_get_path_6) ... FAIL\ntest_get_query_params_1 (tests_URLHandler.URLHandlerTestGetQueryParams.test_get_query_params_1) ... ok\ntest_get_query_params_2 (tests_URLHandler.URLHandlerTestGetQueryParams.test_get_query_params_2) ... ok\ntest_get_query_params_3 (tests_URLHandler.URLHandlerTestGetQueryParams.test_get_query_params_3) ... FAIL\ntest_get_query_params_4 (tests_URLHandler.URLHandlerTestGetQueryParams.test_get_query_params_4) ... ok\ntest_get_query_params_5 (tests_URLHandler.URLHandlerTestGetQueryParams.test_get_query_params_5) ... ok\ntest_get_query_params_6 (tests_URLHandler.URLHandlerTestGetQueryParams.test_get_query_params_6) ... ok\ntest_get_scheme_1 (tests_URLHandler.URLHandlerTestGetScheme.test_get_scheme_1) ... ok\ntest_get_scheme_2 (tests_URLHandler.URLHandlerTestGetScheme.test_get_scheme_2) ... ok\ntest_get_scheme_3 (tests_URLHandler.URLHandlerTestGetScheme.test_get_scheme_3) ... ok\ntest_get_scheme_4 (tests_URLHandler.URLHandlerTestGetScheme.test_get_scheme_4) ... ok\ntest_get_scheme_5 (tests_URLHandler.URLHandlerTestGetScheme.test_get_scheme_5) ... ok\ntest_get_scheme_6 (tests_URLHandler.URLHandlerTestGetScheme.test_get_scheme_6) ... FAIL\ntest_add_item (tests_VendingMachine.VendingMach"
    },
    {
      "chunk_id": "test_output.txt::chunk_0029",
      "source": "data_code_translation_log/test_output.txt",
      "text": "sts_URLHandler.URLHandlerTestGetScheme.test_get_scheme_5) ... ok\ntest_get_scheme_6 (tests_URLHandler.URLHandlerTestGetScheme.test_get_scheme_6) ... FAIL\ntest_add_item (tests_VendingMachine.VendingMachineTestAddItem.test_add_item) ... FAIL\ntest_add_item_2 (tests_VendingMachine.VendingMachineTestAddItem.test_add_item_2) ... FAIL\ntest_add_item_3 (tests_VendingMachine.VendingMachineTestAddItem.test_add_item_3) ... FAIL\ntest_add_item_4 (tests_VendingMachine.VendingMachineTestAddItem.test_add_item_4) ... FAIL\ntest_add_item_5 (tests_VendingMachine.VendingMachineTestAddItem.test_add_item_5) ... FAIL\ntest_display_items (tests_VendingMachine.VendingMachineTestDisplayItems.test_display_items) ... FAIL\ntest_display_items_2 (tests_VendingMachine.VendingMachineTestDisplayItems.test_display_items_2) ... FAIL\ntest_display_items_3 (tests_VendingMachine.VendingMachineTestDisplayItems.test_display_items_3) ... FAIL\ntest_display_items_4 (tests_VendingMachine.VendingMachineTestDisplayItems.test_display_items_4) ... FAIL\ntest_display_items_5 (tests_VendingMachine.VendingMachineTestDisplayItems.test_display_items_5) ... FAIL\ntest_insert_coin (tests_VendingMachine.VendingMachineTestInsertCoin.test_insert_coin) ... ok\ntest_insert_coin_2 (tests_VendingMachine.VendingMachineTestInsertCoin.test_insert_coin_2) ... ok\ntest_insert_coin_3 (tests_VendingMachine.VendingMachineTestInsertCoin.test_insert_coin_3) ... ERROR\ntest_insert_coin_4 (tests_VendingMachine.VendingMachineTestInsertCoin.test_insert_coin_4)"
    },
    {
      "chunk_id": "test_output.txt::chunk_0030",
      "source": "data_code_translation_log/test_output.txt",
      "text": "2) ... ok\ntest_insert_coin_3 (tests_VendingMachine.VendingMachineTestInsertCoin.test_insert_coin_3) ... ERROR\ntest_insert_coin_4 (tests_VendingMachine.VendingMachineTestInsertCoin.test_insert_coin_4) ... FAIL\ntest_insert_coin_5 (tests_VendingMachine.VendingMachineTestInsertCoin.test_insert_coin_5) ... FAIL\ntest_main (tests_VendingMachine.VendingMachineTestMain.test_main) ... FAIL\ntest_main_2 (tests_VendingMachine.VendingMachineTestMain.test_main_2) ... FAIL\ntest_purchase_item (tests_VendingMachine.VendingMachineTestPurchaseItem.test_purchase_item) ... FAIL\ntest_purchase_item_2 (tests_VendingMachine.VendingMachineTestPurchaseItem.test_purchase_item_2) ... ok\ntest_purchase_item_3 (tests_VendingMachine.VendingMachineTestPurchaseItem.test_purchase_item_3) ... ok\ntest_purchase_item_4 (tests_VendingMachine.VendingMachineTestPurchaseItem.test_purchase_item_4) ... ok\ntest_purchase_item_5 (tests_VendingMachine.VendingMachineTestPurchaseItem.test_purchase_item_5) ... FAIL\ntest_restock_item (tests_VendingMachine.VendingMachineTestRestockItem.test_restock_item) ... FAIL\ntest_restock_item_2 (tests_VendingMachine.VendingMachineTestRestockItem.test_restock_item_2) ... ok\ntest_restock_item_3 (tests_VendingMachine.VendingMachineTestRestockItem.test_restock_item_3) ... FAIL\ntest_restock_item_4 (tests_VendingMachine.VendingMachineTestRestockItem.test_restock_item_4) ... FAIL\ntest_restock_item_5 (tests_VendingMachine.VendingMachineTestRestockItem.test_restock_item_5) ... FAIL\ntest_celsius_to_fah"
    },
    {
      "chunk_id": "test_output.txt::chunk_0031",
      "source": "data_code_translation_log/test_output.txt",
      "text": "sts_VendingMachine.VendingMachineTestRestockItem.test_restock_item_4) ... FAIL\ntest_restock_item_5 (tests_VendingMachine.VendingMachineTestRestockItem.test_restock_item_5) ... FAIL\ntest_celsius_to_fahrenheit (tests_WeatherSystem.WeatherSystemTestCelsiusToFahrenheit.test_celsius_to_fahrenheit) ... ok\ntest_celsius_to_fahrenheit_2 (tests_WeatherSystem.WeatherSystemTestCelsiusToFahrenheit.test_celsius_to_fahrenheit_2) ... ok\ntest_celsius_to_fahrenheit_3 (tests_WeatherSystem.WeatherSystemTestCelsiusToFahrenheit.test_celsius_to_fahrenheit_3) ... ok\ntest_celsius_to_fahrenheit_4 (tests_WeatherSystem.WeatherSystemTestCelsiusToFahrenheit.test_celsius_to_fahrenheit_4) ... ok\ntest_celsius_to_fahrenheit_5 (tests_WeatherSystem.WeatherSystemTestCelsiusToFahrenheit.test_celsius_to_fahrenheit_5) ... ok\ntest_fahrenheit_to_celsius (tests_WeatherSystem.WeatherSystemTestFahrenheitToCelsius.test_fahrenheit_to_celsius) ... ok\ntest_fahrenheit_to_celsius_2 (tests_WeatherSystem.WeatherSystemTestFahrenheitToCelsius.test_fahrenheit_to_celsius_2) ... ok\ntest_fahrenheit_to_celsius_3 (tests_WeatherSystem.WeatherSystemTestFahrenheitToCelsius.test_fahrenheit_to_celsius_3) ... ok\ntest_fahrenheit_to_celsius_4 (tests_WeatherSystem.WeatherSystemTestFahrenheitToCelsius.test_fahrenheit_to_celsius_4) ... ok\ntest_fahrenheit_to_celsius_5 (tests_WeatherSystem.WeatherSystemTestFahrenheitToCelsius.test_fahrenheit_to_celsius_5) ... ok\ntest_main (tests_WeatherSystem.WeatherSystemTestMain.test_main) ... ERROR\ntest_query (t"
    },
    {
      "chunk_id": "test_output.txt::chunk_0032",
      "source": "data_code_translation_log/test_output.txt",
      "text": "heit_to_celsius_5 (tests_WeatherSystem.WeatherSystemTestFahrenheitToCelsius.test_fahrenheit_to_celsius_5) ... ok\ntest_main (tests_WeatherSystem.WeatherSystemTestMain.test_main) ... ERROR\ntest_query (tests_WeatherSystem.WeatherSystemTestQuery.test_query) ... ERROR\ntest_query_2 (tests_WeatherSystem.WeatherSystemTestQuery.test_query_2) ... FAIL\ntest_query_3 (tests_WeatherSystem.WeatherSystemTestQuery.test_query_3) ... ERROR\ntest_query_4 (tests_WeatherSystem.WeatherSystemTestQuery.test_query_4) ... ERROR\ntest_query_5 (tests_WeatherSystem.WeatherSystemTestQuery.test_query_5) ... ERROR\ntest_query_6 (tests_WeatherSystem.WeatherSystemTestQuery.test_query_6) ... ERROR\ntest_set_city (tests_WeatherSystem.WeatherSystemTestSetCity.test_set_city) ... ok\ntest_set_city_2 (tests_WeatherSystem.WeatherSystemTestSetCity.test_set_city_2) ... ok\ntest_set_city_3 (tests_WeatherSystem.WeatherSystemTestSetCity.test_set_city_3) ... ok\ntest_set_city_4 (tests_WeatherSystem.WeatherSystemTestSetCity.test_set_city_4) ... ok\ntest_set_city_5 (tests_WeatherSystem.WeatherSystemTestSetCity.test_set_city_5) ... ok\n\n======================================================================\nERROR: test_caesar_cipher (tests_EncryptionUtils.EncryptionUtilsTestCaesarCipher.test_caesar_cipher)\n----------------------------------------------------------------------\nTraceback (most recent call last):\n  File \"/home/imran/Desktop/cs-5001/prompting/CS-5001-AI-Augmented-SE/Week 1/in-class-exercise/Code-Translation/output_code_tra"
    },
    {
      "chunk_id": "test_output.txt::chunk_0033",
      "source": "data_code_translation_log/test_output.txt",
      "text": "-------------------------------------\nTraceback (most recent call last):\n  File \"/home/imran/Desktop/cs-5001/prompting/CS-5001-AI-Augmented-SE/Week 1/in-class-exercise/Code-Translation/output_code_translation/test/tests_EncryptionUtils.py\", line 8, in test_caesar_cipher\n    self.assertEqual(encryption_utils.caesar_cipher(\"abc\", 1), \"bcd\")\n                     ^^^^^^^^^^^^^^^^^^^^^^^^^^^^^^^^^^^^^^^^\n  File \"/home/imran/Desktop/cs-5001/prompting/CS-5001-AI-Augmented-SE/Week 1/in-class-exercise/Code-Translation/output_code_translation/solution/EncryptionUtils.py\", line 12, in caesar_cipher\n    shifted_char = chr((ch.lower() - 'a' + shift) % 26 + ascii_offset)\n                        ~~~~~~~~~~~^~~~~\nTypeError: unsupported operand type(s) for -: 'str' and 'str'\n\n======================================================================\nERROR: test_caesar_cipher_2 (tests_EncryptionUtils.EncryptionUtilsTestCaesarCipher.test_caesar_cipher_2)\n----------------------------------------------------------------------\nTraceback (most recent call last):\n  File \"/home/imran/Desktop/cs-5001/prompting/CS-5001-AI-Augmented-SE/Week 1/in-class-exercise/Code-Translation/output_code_translation/test/tests_EncryptionUtils.py\", line 12, in test_caesar_cipher_2\n    self.assertEqual(encryption_utils.caesar_cipher(\"WORLD\", -2), \"UMPJB\")\n                     ^^^^^^^^^^^^^^^^^^^^^^^^^^^^^^^^^^^^^^^^^^^\n  File \"/home/imran/Desktop/cs-5001/prompting/CS-5001-AI-Augmented-SE/Week 1/in-class-exercise/Code-Transla"
    },
    {
      "chunk_id": "test_output.txt::chunk_0034",
      "source": "data_code_translation_log/test_output.txt",
      "text": "pher(\"WORLD\", -2), \"UMPJB\")\n                     ^^^^^^^^^^^^^^^^^^^^^^^^^^^^^^^^^^^^^^^^^^^\n  File \"/home/imran/Desktop/cs-5001/prompting/CS-5001-AI-Augmented-SE/Week 1/in-class-exercise/Code-Translation/output_code_translation/solution/EncryptionUtils.py\", line 12, in caesar_cipher\n    shifted_char = chr((ch.lower() - 'a' + shift) % 26 + ascii_offset)\n                        ~~~~~~~~~~~^~~~~\nTypeError: unsupported operand type(s) for -: 'str' and 'str'\n\n======================================================================\nERROR: test_caesar_cipher_4 (tests_EncryptionUtils.EncryptionUtilsTestCaesarCipher.test_caesar_cipher_4)\n----------------------------------------------------------------------\nTraceback (most recent call last):\n  File \"/home/imran/Desktop/cs-5001/prompting/CS-5001-AI-Augmented-SE/Week 1/in-class-exercise/Code-Translation/output_code_translation/test/tests_EncryptionUtils.py\", line 20, in test_caesar_cipher_4\n    self.assertEqual(encryption_utils.caesar_cipher(\"abcxyz\", 26), \"abcxyz\")\n                     ^^^^^^^^^^^^^^^^^^^^^^^^^^^^^^^^^^^^^^^^^^^^\n  File \"/home/imran/Desktop/cs-5001/prompting/CS-5001-AI-Augmented-SE/Week 1/in-class-exercise/Code-Translation/output_code_translation/solution/EncryptionUtils.py\", line 12, in caesar_cipher\n    shifted_char = chr((ch.lower() - 'a' + shift) % 26 + ascii_offset)\n                        ~~~~~~~~~~~^~~~~\nTypeError: unsupported operand type(s) for -: 'str' and 'str'\n\n==============================================="
    },
    {
      "chunk_id": "test_output.txt::chunk_0035",
      "source": "data_code_translation_log/test_output.txt",
      "text": "((ch.lower() - 'a' + shift) % 26 + ascii_offset)\n                        ~~~~~~~~~~~^~~~~\nTypeError: unsupported operand type(s) for -: 'str' and 'str'\n\n======================================================================\nERROR: test_caesar_cipher_5 (tests_EncryptionUtils.EncryptionUtilsTestCaesarCipher.test_caesar_cipher_5)\n----------------------------------------------------------------------\nTraceback (most recent call last):\n  File \"/home/imran/Desktop/cs-5001/prompting/CS-5001-AI-Augmented-SE/Week 1/in-class-exercise/Code-Translation/output_code_translation/test/tests_EncryptionUtils.py\", line 24, in test_caesar_cipher_5\n    self.assertEqual(encryption_utils.caesar_cipher(\"abcxyz\", 27), \"bcdyza\")\n                     ^^^^^^^^^^^^^^^^^^^^^^^^^^^^^^^^^^^^^^^^^^^^\n  File \"/home/imran/Desktop/cs-5001/prompting/CS-5001-AI-Augmented-SE/Week 1/in-class-exercise/Code-Translation/output_code_translation/solution/EncryptionUtils.py\", line 12, in caesar_cipher\n    shifted_char = chr((ch.lower() - 'a' + shift) % 26 + ascii_offset)\n                        ~~~~~~~~~~~^~~~~\nTypeError: unsupported operand type(s) for -: 'str' and 'str'\n\n======================================================================\nERROR: test_main (tests_EncryptionUtils.EncryptionUtilsTestMain.test_main)\n----------------------------------------------------------------------\nTraceback (most recent call last):\n  File \"/home/imran/Desktop/cs-5001/prompting/CS-5001-AI-Augmented-SE/Week 1/in-class-exercise/Code-Tr"
    },
    {
      "chunk_id": "test_output.txt::chunk_0036",
      "source": "data_code_translation_log/test_output.txt",
      "text": "--------------------------------------------------------------\nTraceback (most recent call last):\n  File \"/home/imran/Desktop/cs-5001/prompting/CS-5001-AI-Augmented-SE/Week 1/in-class-exercise/Code-Translation/output_code_translation/test/tests_EncryptionUtils.py\", line 82, in test_main\n    self.assertEqual(encryption_utils.caesar_cipher(\"abc\", 1), \"bcd\")\n                     ^^^^^^^^^^^^^^^^^^^^^^^^^^^^^^^^^^^^^^^^\n  File \"/home/imran/Desktop/cs-5001/prompting/CS-5001-AI-Augmented-SE/Week 1/in-class-exercise/Code-Translation/output_code_translation/solution/EncryptionUtils.py\", line 12, in caesar_cipher\n    shifted_char = chr((ch.lower() - 'a' + shift) % 26 + ascii_offset)\n                        ~~~~~~~~~~~^~~~~\nTypeError: unsupported operand type(s) for -: 'str' and 'str'\n\n======================================================================\nERROR: test_vigenere_cipher (tests_EncryptionUtils.EncryptionUtilsTestVigenereCipher.test_vigenere_cipher)\n----------------------------------------------------------------------\nTraceback (most recent call last):\n  File \"/home/imran/Desktop/cs-5001/prompting/CS-5001-AI-Augmented-SE/Week 1/in-class-exercise/Code-Translation/output_code_translation/test/tests_EncryptionUtils.py\", line 34, in test_vigenere_cipher\n    self.assertEqual(encryption_utils.vigenere_cipher(\"abc\"), \"kfa\")\n                     ^^^^^^^^^^^^^^^^^^^^^^^^^^^^^^^^^^^^^^^\n  File \"/home/imran/Desktop/cs-5001/prompting/CS-5001-AI-Augmented-SE/Week 1/in-class-exercise/Cod"
    },
    {
      "chunk_id": "test_output.txt::chunk_0037",
      "source": "data_code_translation_log/test_output.txt",
      "text": "ion_utils.vigenere_cipher(\"abc\"), \"kfa\")\n                     ^^^^^^^^^^^^^^^^^^^^^^^^^^^^^^^^^^^^^^^\n  File \"/home/imran/Desktop/cs-5001/prompting/CS-5001-AI-Augmented-SE/Week 1/in-class-exercise/Code-Translation/output_code_translation/solution/EncryptionUtils.py\", line 23, in vigenere_cipher\n    shift = self.key[key_index % len(self.key)].lower() - 'a'\n            ~~~~~~~~~~~~~~~~~~~~~~~~~~~~~~~~~~~~~~~~~~~~^~~~~\nTypeError: unsupported operand type(s) for -: 'str' and 'str'\n\n======================================================================\nERROR: test_vigenere_cipher_2 (tests_EncryptionUtils.EncryptionUtilsTestVigenereCipher.test_vigenere_cipher_2)\n----------------------------------------------------------------------\nTraceback (most recent call last):\n  File \"/home/imran/Desktop/cs-5001/prompting/CS-5001-AI-Augmented-SE/Week 1/in-class-exercise/Code-Translation/output_code_translation/test/tests_EncryptionUtils.py\", line 38, in test_vigenere_cipher_2\n    self.assertEqual(encryption_utils.vigenere_cipher(\"hello\"), \"rijvs\")\n                     ^^^^^^^^^^^^^^^^^^^^^^^^^^^^^^^^^^^^^^^^^\n  File \"/home/imran/Desktop/cs-5001/prompting/CS-5001-AI-Augmented-SE/Week 1/in-class-exercise/Code-Translation/output_code_translation/solution/EncryptionUtils.py\", line 23, in vigenere_cipher\n    shift = self.key[key_index % len(self.key)].lower() - 'a'\n            ~~~~~~~~~~~~~~~~~~~~~~~~~~~~~~~~~~~~~~~~~~~~^~~~~\nTypeError: unsupported operand type(s) for -: 'str' and 'str'\n\n========="
    },
    {
      "chunk_id": "test_output.txt::chunk_0038",
      "source": "data_code_translation_log/test_output.txt",
      "text": "her\n    shift = self.key[key_index % len(self.key)].lower() - 'a'\n            ~~~~~~~~~~~~~~~~~~~~~~~~~~~~~~~~~~~~~~~~~~~~^~~~~\nTypeError: unsupported operand type(s) for -: 'str' and 'str'\n\n======================================================================\nERROR: test_vigenere_cipher_3 (tests_EncryptionUtils.EncryptionUtilsTestVigenereCipher.test_vigenere_cipher_3)\n----------------------------------------------------------------------\nTraceback (most recent call last):\n  File \"/home/imran/Desktop/cs-5001/prompting/CS-5001-AI-Augmented-SE/Week 1/in-class-exercise/Code-Translation/output_code_translation/test/tests_EncryptionUtils.py\", line 42, in test_vigenere_cipher_3\n    self.assertEqual(encryption_utils.vigenere_cipher(\"AbCdEfG\"), \"LpPjOjE\")\n                     ^^^^^^^^^^^^^^^^^^^^^^^^^^^^^^^^^^^^^^^^^^^\n  File \"/home/imran/Desktop/cs-5001/prompting/CS-5001-AI-Augmented-SE/Week 1/in-class-exercise/Code-Translation/output_code_translation/solution/EncryptionUtils.py\", line 23, in vigenere_cipher\n    shift = self.key[key_index % len(self.key)].lower() - 'a'\n            ~~~~~~~~~~~~~~~~~~~~~~~~~~~~~~~~~~~~~~~~~~~~^~~~~\nTypeError: unsupported operand type(s) for -: 'str' and 'str'\n\n======================================================================\nERROR: test_vigenere_cipher_4 (tests_EncryptionUtils.EncryptionUtilsTestVigenereCipher.test_vigenere_cipher_4)\n----------------------------------------------------------------------\nTraceback (most recent call last):\n  File"
    },
    {
      "chunk_id": "test_output.txt::chunk_0039",
      "source": "data_code_translation_log/test_output.txt",
      "text": "her_4 (tests_EncryptionUtils.EncryptionUtilsTestVigenereCipher.test_vigenere_cipher_4)\n----------------------------------------------------------------------\nTraceback (most recent call last):\n  File \"/home/imran/Desktop/cs-5001/prompting/CS-5001-AI-Augmented-SE/Week 1/in-class-exercise/Code-Translation/output_code_translation/test/tests_EncryptionUtils.py\", line 46, in test_vigenere_cipher_4\n    self.assertEqual(encryption_utils.vigenere_cipher(\"Hello, World! 123\"), \"Rijvs, Uyvjn! 123\")\n                     ^^^^^^^^^^^^^^^^^^^^^^^^^^^^^^^^^^^^^^^^^^^^^^^^^^^^^\n  File \"/home/imran/Desktop/cs-5001/prompting/CS-5001-AI-Augmented-SE/Week 1/in-class-exercise/Code-Translation/output_code_translation/solution/EncryptionUtils.py\", line 23, in vigenere_cipher\n    shift = self.key[key_index % len(self.key)].lower() - 'a'\n            ~~~~~~~~~~~~~~~~~~~~~~~~~~~~~~~~~~~~~~~~~~~~^~~~~\nTypeError: unsupported operand type(s) for -: 'str' and 'str'\n\n======================================================================\nERROR: test_main (tests_JSONProcessor.JSONProcessorTestMain.test_main)\n----------------------------------------------------------------------\nTraceback (most recent call last):\n  File \"/home/imran/Desktop/cs-5001/prompting/CS-5001-AI-Augmented-SE/Week 1/in-class-exercise/Code-Translation/output_code_translation/test/tests_JSONProcessor.py\", line 190, in test_main\n    result = self.processor.read_json(self.file_path)\n             ^^^^^^^^^^^^^^^^^^^^^^^^^^^^^^^^^^^^^^^^\nTypeEr"
    },
    {
      "chunk_id": "test_output.txt::chunk_0040",
      "source": "data_code_translation_log/test_output.txt",
      "text": "nslation/output_code_translation/test/tests_JSONProcessor.py\", line 190, in test_main\n    result = self.processor.read_json(self.file_path)\n             ^^^^^^^^^^^^^^^^^^^^^^^^^^^^^^^^^^^^^^^^\nTypeError: JSONProcessor.read_json() missing 1 required positional argument: 'output'\n\n======================================================================\nERROR: test_process_json_1 (tests_JSONProcessor.JSONProcessorTestProcessJsonExistingKey.test_process_json_1)\n----------------------------------------------------------------------\nTraceback (most recent call last):\n  File \"/home/imran/Desktop/cs-5001/prompting/CS-5001-AI-Augmented-SE/Week 1/in-class-exercise/Code-Translation/output_code_translation/test/tests_JSONProcessor.py\", line 121, in test_process_json_1\n    self.processor.process_json(self.file_path, remove_key)\n  File \"/home/imran/Desktop/cs-5001/prompting/CS-5001-AI-Augmented-SE/Week 1/in-class-exercise/Code-Translation/output_code_translation/solution/JSONProcessor.py\", line 33, in process_json\n    if remove_key in data:\n       ^^^^^^^^^^^^^^^^^^\nTypeError: argument of type 'NoneType' is not iterable\n\n======================================================================\nERROR: test_process_json_2 (tests_JSONProcessor.JSONProcessorTestProcessJsonExistingKey.test_process_json_2)\n----------------------------------------------------------------------\nTraceback (most recent call last):\n  File \"/home/imran/Desktop/cs-5001/prompting/CS-5001-AI-Augmented-SE/Week 1/in-class-exer"
    },
    {
      "chunk_id": "test_output.txt::chunk_0041",
      "source": "data_code_translation_log/test_output.txt",
      "text": "_2)\n----------------------------------------------------------------------\nTraceback (most recent call last):\n  File \"/home/imran/Desktop/cs-5001/prompting/CS-5001-AI-Augmented-SE/Week 1/in-class-exercise/Code-Translation/output_code_translation/test/tests_JSONProcessor.py\", line 135, in test_process_json_2\n    self.processor.process_json(self.file_path, remove_key)\n  File \"/home/imran/Desktop/cs-5001/prompting/CS-5001-AI-Augmented-SE/Week 1/in-class-exercise/Code-Translation/output_code_translation/solution/JSONProcessor.py\", line 33, in process_json\n    if remove_key in data:\n       ^^^^^^^^^^^^^^^^^^\nTypeError: argument of type 'NoneType' is not iterable\n\n======================================================================\nERROR: test_process_json_4 (tests_JSONProcessor.JSONProcessorTestProcessJsonExistingKey.test_process_json_4)\n----------------------------------------------------------------------\nTraceback (most recent call last):\n  File \"/home/imran/Desktop/cs-5001/prompting/CS-5001-AI-Augmented-SE/Week 1/in-class-exercise/Code-Translation/output_code_translation/test/tests_JSONProcessor.py\", line 152, in test_process_json_4\n    self.processor.process_json(self.file_path, remove_key)\n  File \"/home/imran/Desktop/cs-5001/prompting/CS-5001-AI-Augmented-SE/Week 1/in-class-exercise/Code-Translation/output_code_translation/solution/JSONProcessor.py\", line 33, in process_json\n    if remove_key in data:\n       ^^^^^^^^^^^^^^^^^^\nTypeError: argument of type 'NoneType' is not"
    },
    {
      "chunk_id": "test_output.txt::chunk_0042",
      "source": "data_code_translation_log/test_output.txt",
      "text": "ercise/Code-Translation/output_code_translation/solution/JSONProcessor.py\", line 33, in process_json\n    if remove_key in data:\n       ^^^^^^^^^^^^^^^^^^\nTypeError: argument of type 'NoneType' is not iterable\n\n======================================================================\nERROR: test_process_json_5 (tests_JSONProcessor.JSONProcessorTestProcessJsonExistingKey.test_process_json_5)\n----------------------------------------------------------------------\nTraceback (most recent call last):\n  File \"/home/imran/Desktop/cs-5001/prompting/CS-5001-AI-Augmented-SE/Week 1/in-class-exercise/Code-Translation/output_code_translation/test/tests_JSONProcessor.py\", line 161, in test_process_json_5\n    self.processor.process_json(self.file_path, remove_key)\n  File \"/home/imran/Desktop/cs-5001/prompting/CS-5001-AI-Augmented-SE/Week 1/in-class-exercise/Code-Translation/output_code_translation/solution/JSONProcessor.py\", line 33, in process_json\n    if remove_key in data:\n       ^^^^^^^^^^^^^^^^^^\nTypeError: argument of type 'NoneType' is not iterable\n\n======================================================================\nERROR: test_read_json_1 (tests_JSONProcessor.JSONProcessorTestReadJson.test_read_json_1)\n----------------------------------------------------------------------\nTraceback (most recent call last):\n  File \"/home/imran/Desktop/cs-5001/prompting/CS-5001-AI-Augmented-SE/Week 1/in-class-exercise/Code-Translation/output_code_translation/test/tests_JSONProcessor.py\", line 26, in tes"
    },
    {
      "chunk_id": "test_output.txt::chunk_0043",
      "source": "data_code_translation_log/test_output.txt",
      "text": "recent call last):\n  File \"/home/imran/Desktop/cs-5001/prompting/CS-5001-AI-Augmented-SE/Week 1/in-class-exercise/Code-Translation/output_code_translation/test/tests_JSONProcessor.py\", line 26, in test_read_json_1\n    result = self.processor.read_json(self.file_path)\n             ^^^^^^^^^^^^^^^^^^^^^^^^^^^^^^^^^^^^^^^^\nTypeError: JSONProcessor.read_json() missing 1 required positional argument: 'output'\n\n======================================================================\nERROR: test_read_json_2 (tests_JSONProcessor.JSONProcessorTestReadJson.test_read_json_2)\n----------------------------------------------------------------------\nTraceback (most recent call last):\n  File \"/home/imran/Desktop/cs-5001/prompting/CS-5001-AI-Augmented-SE/Week 1/in-class-exercise/Code-Translation/output_code_translation/test/tests_JSONProcessor.py\", line 31, in test_read_json_2\n    result = self.processor.read_json(self.file_path)\n             ^^^^^^^^^^^^^^^^^^^^^^^^^^^^^^^^^^^^^^^^\nTypeError: JSONProcessor.read_json() missing 1 required positional argument: 'output'\n\n======================================================================\nERROR: test_read_json_3 (tests_JSONProcessor.JSONProcessorTestReadJson.test_read_json_3)\n----------------------------------------------------------------------\nTraceback (most recent call last):\n  File \"/home/imran/Desktop/cs-5001/prompting/CS-5001-AI-Augmented-SE/Week 1/in-class-exercise/Code-Translation/output_code_translation/test/tests_JSONProcessor.py\", lin"
    },
    {
      "chunk_id": "test_output.txt::chunk_0044",
      "source": "data_code_translation_log/test_output.txt",
      "text": "eback (most recent call last):\n  File \"/home/imran/Desktop/cs-5001/prompting/CS-5001-AI-Augmented-SE/Week 1/in-class-exercise/Code-Translation/output_code_translation/test/tests_JSONProcessor.py\", line 38, in test_read_json_3\n    result = self.processor.read_json(self.file_path)\n             ^^^^^^^^^^^^^^^^^^^^^^^^^^^^^^^^^^^^^^^^\nTypeError: JSONProcessor.read_json() missing 1 required positional argument: 'output'\n\n======================================================================\nERROR: test_read_json_4 (tests_JSONProcessor.JSONProcessorTestReadJson.test_read_json_4)\n----------------------------------------------------------------------\nTraceback (most recent call last):\n  File \"/home/imran/Desktop/cs-5001/prompting/CS-5001-AI-Augmented-SE/Week 1/in-class-exercise/Code-Translation/output_code_translation/test/tests_JSONProcessor.py\", line 42, in test_read_json_4\n    result = self.processor.read_json('wrong')\n             ^^^^^^^^^^^^^^^^^^^^^^^^^^^^^^^^^\nTypeError: JSONProcessor.read_json() missing 1 required positional argument: 'output'\n\n======================================================================\nERROR: test_read_json_5 (tests_JSONProcessor.JSONProcessorTestReadJson.test_read_json_5)\n----------------------------------------------------------------------\nTraceback (most recent call last):\n  File \"/home/imran/Desktop/cs-5001/prompting/CS-5001-AI-Augmented-SE/Week 1/in-class-exercise/Code-Translation/output_code_translation/test/tests_JSONProcessor.py\", line"
    },
    {
      "chunk_id": "test_output.txt::chunk_0045",
      "source": "data_code_translation_log/test_output.txt",
      "text": "ack (most recent call last):\n  File \"/home/imran/Desktop/cs-5001/prompting/CS-5001-AI-Augmented-SE/Week 1/in-class-exercise/Code-Translation/output_code_translation/test/tests_JSONProcessor.py\", line 46, in test_read_json_5\n    result = self.processor.read_json('abcd')\n             ^^^^^^^^^^^^^^^^^^^^^^^^^^^^^^^^\nTypeError: JSONProcessor.read_json() missing 1 required positional argument: 'output'\n\n======================================================================\nERROR: test_delete (tests_SQLGenerator.SQLGeneratorTestDelete.test_delete)\n----------------------------------------------------------------------\nTraceback (most recent call last):\n  File \"/home/imran/Desktop/cs-5001/prompting/CS-5001-AI-Augmented-SE/Week 1/in-class-exercise/Code-Translation/output_code_translation/test/tests_SQLGenerator.py\", line 107, in test_delete\n    result = sql.delete(\"field1 = value1\")\n             ^^^^^^^^^^\nAttributeError: 'SQLGenerator' object has no attribute 'delete'\n\n======================================================================\nERROR: test_delete_2 (tests_SQLGenerator.SQLGeneratorTestDelete.test_delete_2)\n----------------------------------------------------------------------\nTraceback (most recent call last):\n  File \"/home/imran/Desktop/cs-5001/prompting/CS-5001-AI-Augmented-SE/Week 1/in-class-exercise/Code-Translation/output_code_translation/test/tests_SQLGenerator.py\", line 112, in test_delete_2\n    result = sql.delete(\"field1 = value1 AND field2 = value2\")"
    },
    {
      "chunk_id": "test_output.txt::chunk_0046",
      "source": "data_code_translation_log/test_output.txt",
      "text": "SE/Week 1/in-class-exercise/Code-Translation/output_code_translation/test/tests_SQLGenerator.py\", line 112, in test_delete_2\n    result = sql.delete(\"field1 = value1 AND field2 = value2\")\n             ^^^^^^^^^^\nAttributeError: 'SQLGenerator' object has no attribute 'delete'\n\n======================================================================\nERROR: test_delete_3 (tests_SQLGenerator.SQLGeneratorTestDelete.test_delete_3)\n----------------------------------------------------------------------\nTraceback (most recent call last):\n  File \"/home/imran/Desktop/cs-5001/prompting/CS-5001-AI-Augmented-SE/Week 1/in-class-exercise/Code-Translation/output_code_translation/test/tests_SQLGenerator.py\", line 117, in test_delete_3\n    result = sql.delete(\"field1 = value1 AND field2 = value2 AND field3 = value3\")\n             ^^^^^^^^^^\nAttributeError: 'SQLGenerator' object has no attribute 'delete'\n\n======================================================================\nERROR: test_delete_4 (tests_SQLGenerator.SQLGeneratorTestDelete.test_delete_4)\n----------------------------------------------------------------------\nTraceback (most recent call last):\n  File \"/home/imran/Desktop/cs-5001/prompting/CS-5001-AI-Augmented-SE/Week 1/in-class-exercise/Code-Translation/output_code_translation/test/tests_SQLGenerator.py\", line 122, in test_delete_4\n    result = sql.delete(\"field1 = value1 AND field2 = value2 AND field3 = value3 AND field4 = value4\")\n             ^^^^^^^^^^\nAttributeError: 'SQLGenerato"
    },
    {
      "chunk_id": "test_output.txt::chunk_0047",
      "source": "data_code_translation_log/test_output.txt",
      "text": "SQLGenerator.py\", line 122, in test_delete_4\n    result = sql.delete(\"field1 = value1 AND field2 = value2 AND field3 = value3 AND field4 = value4\")\n             ^^^^^^^^^^\nAttributeError: 'SQLGenerator' object has no attribute 'delete'\n\n======================================================================\nERROR: test_delete_5 (tests_SQLGenerator.SQLGeneratorTestDelete.test_delete_5)\n----------------------------------------------------------------------\nTraceback (most recent call last):\n  File \"/home/imran/Desktop/cs-5001/prompting/CS-5001-AI-Augmented-SE/Week 1/in-class-exercise/Code-Translation/output_code_translation/test/tests_SQLGenerator.py\", line 128, in test_delete_5\n    result = sql.delete(\"field1 = value1 AND field2 = value2 AND field3 = value3 AND field4 = value4 AND field5 = value5\")\n             ^^^^^^^^^^\nAttributeError: 'SQLGenerator' object has no attribute 'delete'\n\n======================================================================\nERROR: test_main (tests_SQLGenerator.SQLGeneratorTestMain.test_main)\n----------------------------------------------------------------------\nTraceback (most recent call last):\n  File \"/home/imran/Desktop/cs-5001/prompting/CS-5001-AI-Augmented-SE/Week 1/in-class-exercise/Code-Translation/output_code_translation/test/tests_SQLGenerator.py\", line 195, in test_main\n    self.assertEqual(sql.delete(\"field1 = value1\"),\n                     ^^^^^^^^^^\nAttributeError: 'SQLGenerator' object has no attribute 'delete'\n\n===================="
    },
    {
      "chunk_id": "test_output.txt::chunk_0048",
      "source": "data_code_translation_log/test_output.txt",
      "text": "or.py\", line 195, in test_main\n    self.assertEqual(sql.delete(\"field1 = value1\"),\n                     ^^^^^^^^^^\nAttributeError: 'SQLGenerator' object has no attribute 'delete'\n\n======================================================================\nERROR: test_delete_1 (tests_SQLQueryBuilder.SQLQueryBuilderTestDetele.test_delete_1)\n----------------------------------------------------------------------\nTraceback (most recent call last):\n  File \"/home/imran/Desktop/cs-5001/prompting/CS-5001-AI-Augmented-SE/Week 1/in-class-exercise/Code-Translation/output_code_translation/test/tests_SQLQueryBuilder.py\", line 84, in test_delete_1\n    SQLQueryBuilder.delete('users', {'name': 'Tom'}),\n    ^^^^^^^^^^^^^^^^^^^^^^\nAttributeError: type object 'SQLQueryBuilder' has no attribute 'delete'. Did you mean: 'delete_'?\n\n======================================================================\nERROR: test_delete_2 (tests_SQLQueryBuilder.SQLQueryBuilderTestDetele.test_delete_2)\n----------------------------------------------------------------------\nTraceback (most recent call last):\n  File \"/home/imran/Desktop/cs-5001/prompting/CS-5001-AI-Augmented-SE/Week 1/in-class-exercise/Code-Translation/output_code_translation/test/tests_SQLQueryBuilder.py\", line 90, in test_delete_2\n    SQLQueryBuilder.delete('students', {'name': 'Tom'}),\n    ^^^^^^^^^^^^^^^^^^^^^^\nAttributeError: type object 'SQLQueryBuilder' has no attribute 'delete'. Did you mean: 'delete_'?\n\n============================================="
    },
    {
      "chunk_id": "test_output.txt::chunk_0049",
      "source": "data_code_translation_log/test_output.txt",
      "text": "students', {'name': 'Tom'}),\n    ^^^^^^^^^^^^^^^^^^^^^^\nAttributeError: type object 'SQLQueryBuilder' has no attribute 'delete'. Did you mean: 'delete_'?\n\n======================================================================\nERROR: test_delete_3 (tests_SQLQueryBuilder.SQLQueryBuilderTestDetele.test_delete_3)\n----------------------------------------------------------------------\nTraceback (most recent call last):\n  File \"/home/imran/Desktop/cs-5001/prompting/CS-5001-AI-Augmented-SE/Week 1/in-class-exercise/Code-Translation/output_code_translation/test/tests_SQLQueryBuilder.py\", line 96, in test_delete_3\n    SQLQueryBuilder.delete('items', {'name': 'apple'}),\n    ^^^^^^^^^^^^^^^^^^^^^^\nAttributeError: type object 'SQLQueryBuilder' has no attribute 'delete'. Did you mean: 'delete_'?\n\n======================================================================\nERROR: test_delete_4 (tests_SQLQueryBuilder.SQLQueryBuilderTestDetele.test_delete_4)\n----------------------------------------------------------------------\nTraceback (most recent call last):\n  File \"/home/imran/Desktop/cs-5001/prompting/CS-5001-AI-Augmented-SE/Week 1/in-class-exercise/Code-Translation/output_code_translation/test/tests_SQLQueryBuilder.py\", line 102, in test_delete_4\n    SQLQueryBuilder.delete('items', {'name': 'aaa'}),\n    ^^^^^^^^^^^^^^^^^^^^^^\nAttributeError: type object 'SQLQueryBuilder' has no attribute 'delete'. Did you mean: 'delete_'?\n\n======================================================================"
    },
    {
      "chunk_id": "test_output.txt::chunk_0050",
      "source": "data_code_translation_log/test_output.txt",
      "text": "}),\n    ^^^^^^^^^^^^^^^^^^^^^^\nAttributeError: type object 'SQLQueryBuilder' has no attribute 'delete'. Did you mean: 'delete_'?\n\n======================================================================\nERROR: test_delete_5 (tests_SQLQueryBuilder.SQLQueryBuilderTestDetele.test_delete_5)\n----------------------------------------------------------------------\nTraceback (most recent call last):\n  File \"/home/imran/Desktop/cs-5001/prompting/CS-5001-AI-Augmented-SE/Week 1/in-class-exercise/Code-Translation/output_code_translation/test/tests_SQLQueryBuilder.py\", line 108, in test_delete_5\n    SQLQueryBuilder.delete('items', {'name': 'bbb'}),\n    ^^^^^^^^^^^^^^^^^^^^^^\nAttributeError: type object 'SQLQueryBuilder' has no attribute 'delete'. Did you mean: 'delete_'?\n\n======================================================================\nERROR: test_delete_6 (tests_SQLQueryBuilder.SQLQueryBuilderTestDetele.test_delete_6)\n----------------------------------------------------------------------\nTraceback (most recent call last):\n  File \"/home/imran/Desktop/cs-5001/prompting/CS-5001-AI-Augmented-SE/Week 1/in-class-exercise/Code-Translation/output_code_translation/test/tests_SQLQueryBuilder.py\", line 114, in test_delete_6\n    SQLQueryBuilder.delete('items'),\n    ^^^^^^^^^^^^^^^^^^^^^^\nAttributeError: type object 'SQLQueryBuilder' has no attribute 'delete'. Did you mean: 'delete_'?\n\n======================================================================\nERROR: test_main (tests_SQLQueryBuilder.SQ"
    },
    {
      "chunk_id": "test_output.txt::chunk_0051",
      "source": "data_code_translation_log/test_output.txt",
      "text": "or: type object 'SQLQueryBuilder' has no attribute 'delete'. Did you mean: 'delete_'?\n\n======================================================================\nERROR: test_main (tests_SQLQueryBuilder.SQLQueryBuilderTestMain.test_main)\n----------------------------------------------------------------------\nTraceback (most recent call last):\n  File \"/home/imran/Desktop/cs-5001/prompting/CS-5001-AI-Augmented-SE/Week 1/in-class-exercise/Code-Translation/output_code_translation/test/tests_SQLQueryBuilder.py\", line 160, in test_main\n    SQLQueryBuilder.select('users', [\"id\", \"name\"], {'age': 30}),\n    ^^^^^^^^^^^^^^^^^^^^^^^^^^^^^^^^^^^^^^^^^^^^^^^^^^^^^^^^^^^^\n  File \"/home/imran/Desktop/cs-5001/prompting/CS-5001-AI-Augmented-SE/Week 1/in-class-exercise/Code-Translation/output_code_translation/solution/SQLQueryBuilder.py\", line 15, in select\n    query.append(\" WHERE \" + \" AND \".join([f\"{key}='{value}'\" for key, value in where]))\n                                                                  ^^^^^^^^^^\nValueError: too many values to unpack (expected 2)\n\n======================================================================\nERROR: test_select_1 (tests_SQLQueryBuilder.SQLQueryBuilderTestSelect.test_select_1)\n----------------------------------------------------------------------\nTraceback (most recent call last):\n  File \"/home/imran/Desktop/cs-5001/prompting/CS-5001-AI-Augmented-SE/Week 1/in-class-exercise/Code-Translation/output_code_translation/test/tests_SQLQueryBuilder.py\", line 8"
    },
    {
      "chunk_id": "test_output.txt::chunk_0052",
      "source": "data_code_translation_log/test_output.txt",
      "text": "(most recent call last):\n  File \"/home/imran/Desktop/cs-5001/prompting/CS-5001-AI-Augmented-SE/Week 1/in-class-exercise/Code-Translation/output_code_translation/test/tests_SQLQueryBuilder.py\", line 8, in test_select_1\n    SQLQueryBuilder.select('users', [\"id\", \"name\"], {'age': 30}),\n    ^^^^^^^^^^^^^^^^^^^^^^^^^^^^^^^^^^^^^^^^^^^^^^^^^^^^^^^^^^^^\n  File \"/home/imran/Desktop/cs-5001/prompting/CS-5001-AI-Augmented-SE/Week 1/in-class-exercise/Code-Translation/output_code_translation/solution/SQLQueryBuilder.py\", line 15, in select\n    query.append(\" WHERE \" + \" AND \".join([f\"{key}='{value}'\" for key, value in where]))\n                                                                  ^^^^^^^^^^\nValueError: too many values to unpack (expected 2)\n\n======================================================================\nERROR: test_select_2 (tests_SQLQueryBuilder.SQLQueryBuilderTestSelect.test_select_2)\n----------------------------------------------------------------------\nTraceback (most recent call last):\n  File \"/home/imran/Desktop/cs-5001/prompting/CS-5001-AI-Augmented-SE/Week 1/in-class-exercise/Code-Translation/output_code_translation/test/tests_SQLQueryBuilder.py\", line 14, in test_select_2\n    SQLQueryBuilder.select('students', [\"id\", \"name\"], {'age': 18}),\n    ^^^^^^^^^^^^^^^^^^^^^^^^^^^^^^^^^^^^^^^^^^^^^^^^^^^^^^^^^^^^^^^\n  File \"/home/imran/Desktop/cs-5001/prompting/CS-5001-AI-Augmented-SE/Week 1/in-class-exercise/Code-Translation/output_code_translation/solution/SQLQueryB"
    },
    {
      "chunk_id": "test_output.txt::chunk_0053",
      "source": "data_code_translation_log/test_output.txt",
      "text": "^^^^^^^^^^^^^^^^^^^^^^^^^^^^^^^^^^^^^^^^^^^^^\n  File \"/home/imran/Desktop/cs-5001/prompting/CS-5001-AI-Augmented-SE/Week 1/in-class-exercise/Code-Translation/output_code_translation/solution/SQLQueryBuilder.py\", line 15, in select\n    query.append(\" WHERE \" + \" AND \".join([f\"{key}='{value}'\" for key, value in where]))\n                                                                  ^^^^^^^^^^\nValueError: too many values to unpack (expected 2)\n\n======================================================================\nERROR: test_select_3 (tests_SQLQueryBuilder.SQLQueryBuilderTestSelect.test_select_3)\n----------------------------------------------------------------------\nTraceback (most recent call last):\n  File \"/home/imran/Desktop/cs-5001/prompting/CS-5001-AI-Augmented-SE/Week 1/in-class-exercise/Code-Translation/output_code_translation/test/tests_SQLQueryBuilder.py\", line 20, in test_select_3\n    SQLQueryBuilder.select('items', [\"id\", \"name\"], {'price': 1.0}),\n    ^^^^^^^^^^^^^^^^^^^^^^^^^^^^^^^^^^^^^^^^^^^^^^^^^^^^^^^^^^^^^^^\n  File \"/home/imran/Desktop/cs-5001/prompting/CS-5001-AI-Augmented-SE/Week 1/in-class-exercise/Code-Translation/output_code_translation/solution/SQLQueryBuilder.py\", line 15, in select\n    query.append(\" WHERE \" + \" AND \".join([f\"{key}='{value}'\" for key, value in where]))\n                                                                  ^^^^^^^^^^\nValueError: too many values to unpack (expected 2)\n\n======================================================="
    },
    {
      "chunk_id": "test_output.txt::chunk_0054",
      "source": "data_code_translation_log/test_output.txt",
      "text": "lue in where]))\n                                                                  ^^^^^^^^^^\nValueError: too many values to unpack (expected 2)\n\n======================================================================\nERROR: test_select_4 (tests_SQLQueryBuilder.SQLQueryBuilderTestSelect.test_select_4)\n----------------------------------------------------------------------\nTraceback (most recent call last):\n  File \"/home/imran/Desktop/cs-5001/prompting/CS-5001-AI-Augmented-SE/Week 1/in-class-exercise/Code-Translation/output_code_translation/test/tests_SQLQueryBuilder.py\", line 26, in test_select_4\n    SQLQueryBuilder.select('users', [\"id\"], {'age': 30}),\n    ^^^^^^^^^^^^^^^^^^^^^^^^^^^^^^^^^^^^^^^^^^^^^^^^^^^^\n  File \"/home/imran/Desktop/cs-5001/prompting/CS-5001-AI-Augmented-SE/Week 1/in-class-exercise/Code-Translation/output_code_translation/solution/SQLQueryBuilder.py\", line 15, in select\n    query.append(\" WHERE \" + \" AND \".join([f\"{key}='{value}'\" for key, value in where]))\n                                                                  ^^^^^^^^^^\nValueError: too many values to unpack (expected 2)\n\n======================================================================\nERROR: test_select_5 (tests_SQLQueryBuilder.SQLQueryBuilderTestSelect.test_select_5)\n----------------------------------------------------------------------\nTraceback (most recent call last):\n  File \"/home/imran/Desktop/cs-5001/prompting/CS-5001-AI-Augmented-SE/Week 1/in-class-exercise/Code-Translation/output_"
    },
    {
      "chunk_id": "test_output.txt::chunk_0055",
      "source": "data_code_translation_log/test_output.txt",
      "text": "---------------------------------------------\nTraceback (most recent call last):\n  File \"/home/imran/Desktop/cs-5001/prompting/CS-5001-AI-Augmented-SE/Week 1/in-class-exercise/Code-Translation/output_code_translation/test/tests_SQLQueryBuilder.py\", line 32, in test_select_5\n    SQLQueryBuilder.select('users', [\"name\"], {'age': 30}),\n    ^^^^^^^^^^^^^^^^^^^^^^^^^^^^^^^^^^^^^^^^^^^^^^^^^^^^^^\n  File \"/home/imran/Desktop/cs-5001/prompting/CS-5001-AI-Augmented-SE/Week 1/in-class-exercise/Code-Translation/output_code_translation/solution/SQLQueryBuilder.py\", line 15, in select\n    query.append(\" WHERE \" + \" AND \".join([f\"{key}='{value}'\" for key, value in where]))\n                                                                  ^^^^^^^^^^\nValueError: too many values to unpack (expected 2)\n\n======================================================================\nERROR: test_insert_coin_3 (tests_VendingMachine.VendingMachineTestInsertCoin.test_insert_coin_3)\n----------------------------------------------------------------------\nTraceback (most recent call last):\n  File \"/home/imran/Desktop/cs-5001/prompting/CS-5001-AI-Augmented-SE/Week 1/in-class-exercise/Code-Translation/output_code_translation/test/tests_VendingMachine.py\", line 49, in test_insert_coin_3\n    self.assertEqual(vendingMachine.balance, 2.50)\n                     ^^^^^^^^^^^^^^^^^^^^^^\nAttributeError: 'VendingMachine' object has no attribute 'balance'. Did you mean: 'balance_'?\n\n========================================="
    },
    {
      "chunk_id": "test_output.txt::chunk_0056",
      "source": "data_code_translation_log/test_output.txt",
      "text": "hine.balance, 2.50)\n                     ^^^^^^^^^^^^^^^^^^^^^^\nAttributeError: 'VendingMachine' object has no attribute 'balance'. Did you mean: 'balance_'?\n\n======================================================================\nERROR: test_main (tests_WeatherSystem.WeatherSystemTestMain.test_main)\n----------------------------------------------------------------------\nTraceback (most recent call last):\n  File \"/home/imran/Desktop/cs-5001/prompting/CS-5001-AI-Augmented-SE/Week 1/in-class-exercise/Code-Translation/output_code_translation/test/tests_WeatherSystem.py\", line 199, in test_main\n    self.assertEqual(weatherSystem.query(weather_list), (27, 'sunny'))\n                     ^^^^^^^^^^^^^^^^^^^^^^^^^^^^^^^^^\n  File \"/home/imran/Desktop/cs-5001/prompting/CS-5001-AI-Augmented-SE/Week 1/in-class-exercise/Code-Translation/output_code_translation/solution/WeatherSystem.py\", line 17, in query\n    if info[\"temperature_units\"] != tmp_units:\n       ~~~~^^^^^^^^^^^^^^^^^^^^^\nKeyError: 'temperature_units'\n\n======================================================================\nERROR: test_query (tests_WeatherSystem.WeatherSystemTestQuery.test_query)\n----------------------------------------------------------------------\nTraceback (most recent call last):\n  File \"/home/imran/Desktop/cs-5001/prompting/CS-5001-AI-Augmented-SE/Week 1/in-class-exercise/Code-Translation/output_code_translation/test/tests_WeatherSystem.py\", line 20, in test_query\n    self.assertEqual(weatherSystem.query(weat"
    },
    {
      "chunk_id": "test_output.txt::chunk_0057",
      "source": "data_code_translation_log/test_output.txt",
      "text": "1/prompting/CS-5001-AI-Augmented-SE/Week 1/in-class-exercise/Code-Translation/output_code_translation/test/tests_WeatherSystem.py\", line 20, in test_query\n    self.assertEqual(weatherSystem.query(weather_list), (27, 'sunny'))\n                     ^^^^^^^^^^^^^^^^^^^^^^^^^^^^^^^^^\n  File \"/home/imran/Desktop/cs-5001/prompting/CS-5001-AI-Augmented-SE/Week 1/in-class-exercise/Code-Translation/output_code_translation/solution/WeatherSystem.py\", line 17, in query\n    if info[\"temperature_units\"] != tmp_units:\n       ~~~~^^^^^^^^^^^^^^^^^^^^^\nKeyError: 'temperature_units'\n\n======================================================================\nERROR: test_query_3 (tests_WeatherSystem.WeatherSystemTestQuery.test_query_3)\n----------------------------------------------------------------------\nTraceback (most recent call last):\n  File \"/home/imran/Desktop/cs-5001/prompting/CS-5001-AI-Augmented-SE/Week 1/in-class-exercise/Code-Translation/output_code_translation/test/tests_WeatherSystem.py\", line 52, in test_query_3\n    self.assertEqual(weatherSystem.query(weather_list, 'fahrenheit'), (73.4, 'cloudy'))\n                     ^^^^^^^^^^^^^^^^^^^^^^^^^^^^^^^^^^^^^^^^^^^^^^^\n  File \"/home/imran/Desktop/cs-5001/prompting/CS-5001-AI-Augmented-SE/Week 1/in-class-exercise/Code-Translation/output_code_translation/solution/WeatherSystem.py\", line 17, in query\n    if info[\"temperature_units\"] != tmp_units:\n       ~~~~^^^^^^^^^^^^^^^^^^^^^\nKeyError: 'temperature_units'\n\n=============================="
    },
    {
      "chunk_id": "test_output.txt::chunk_0058",
      "source": "data_code_translation_log/test_output.txt",
      "text": "_translation/solution/WeatherSystem.py\", line 17, in query\n    if info[\"temperature_units\"] != tmp_units:\n       ~~~~^^^^^^^^^^^^^^^^^^^^^\nKeyError: 'temperature_units'\n\n======================================================================\nERROR: test_query_4 (tests_WeatherSystem.WeatherSystemTestQuery.test_query_4)\n----------------------------------------------------------------------\nTraceback (most recent call last):\n  File \"/home/imran/Desktop/cs-5001/prompting/CS-5001-AI-Augmented-SE/Week 1/in-class-exercise/Code-Translation/output_code_translation/test/tests_WeatherSystem.py\", line 68, in test_query_4\n    self.assertEqual(weatherSystem.query(weather_list, 'celsius'), (23.000000000000004, 'cloudy'))\n                     ^^^^^^^^^^^^^^^^^^^^^^^^^^^^^^^^^^^^^^^^^^^^\n  File \"/home/imran/Desktop/cs-5001/prompting/CS-5001-AI-Augmented-SE/Week 1/in-class-exercise/Code-Translation/output_code_translation/solution/WeatherSystem.py\", line 17, in query\n    if info[\"temperature_units\"] != tmp_units:\n       ~~~~^^^^^^^^^^^^^^^^^^^^^\nKeyError: 'temperature_units'\n\n======================================================================\nERROR: test_query_5 (tests_WeatherSystem.WeatherSystemTestQuery.test_query_5)\n----------------------------------------------------------------------\nTraceback (most recent call last):\n  File \"/home/imran/Desktop/cs-5001/prompting/CS-5001-AI-Augmented-SE/Week 1/in-class-exercise/Code-Translation/output_code_translation/test/tests_WeatherSystem.py\", line"
    },
    {
      "chunk_id": "test_output.txt::chunk_0059",
      "source": "data_code_translation_log/test_output.txt",
      "text": "ack (most recent call last):\n  File \"/home/imran/Desktop/cs-5001/prompting/CS-5001-AI-Augmented-SE/Week 1/in-class-exercise/Code-Translation/output_code_translation/test/tests_WeatherSystem.py\", line 84, in test_query_5\n    self.assertEqual(weatherSystem.query(weather_list, tmp_units='celsius'), (26.999999999999996, 'sunny'))\n                     ^^^^^^^^^^^^^^^^^^^^^^^^^^^^^^^^^^^^^^^^^^^^^^^^^^^^^^\n  File \"/home/imran/Desktop/cs-5001/prompting/CS-5001-AI-Augmented-SE/Week 1/in-class-exercise/Code-Translation/output_code_translation/solution/WeatherSystem.py\", line 17, in query\n    if info[\"temperature_units\"] != tmp_units:\n       ~~~~^^^^^^^^^^^^^^^^^^^^^\nKeyError: 'temperature_units'\n\n======================================================================\nERROR: test_query_6 (tests_WeatherSystem.WeatherSystemTestQuery.test_query_6)\n----------------------------------------------------------------------\nTraceback (most recent call last):\n  File \"/home/imran/Desktop/cs-5001/prompting/CS-5001-AI-Augmented-SE/Week 1/in-class-exercise/Code-Translation/output_code_translation/test/tests_WeatherSystem.py\", line 100, in test_query_6\n    self.assertEqual(weatherSystem.query(weather_list, tmp_units='fahrenheit'), (80.6, 'sunny'))\n                     ^^^^^^^^^^^^^^^^^^^^^^^^^^^^^^^^^^^^^^^^^^^^^^^^^^^^^^^^^\n  File \"/home/imran/Desktop/cs-5001/prompting/CS-5001-AI-Augmented-SE/Week 1/in-class-exercise/Code-Translation/output_code_translation/solution/WeatherSystem.py\", line 17, in quer"
    },
    {
      "chunk_id": "test_output.txt::chunk_0060",
      "source": "data_code_translation_log/test_output.txt",
      "text": "^^^^^^^^^^^^^^^^^^^\n  File \"/home/imran/Desktop/cs-5001/prompting/CS-5001-AI-Augmented-SE/Week 1/in-class-exercise/Code-Translation/output_code_translation/solution/WeatherSystem.py\", line 17, in query\n    if info[\"temperature_units\"] != tmp_units:\n       ~~~~^^^^^^^^^^^^^^^^^^^^^\nKeyError: 'temperature_units'\n\n======================================================================\nFAIL: test_init_game_2 (tests_PushBoxGame.PushBoxGameTestInitGame.test_init_game_2)\n----------------------------------------------------------------------\nTraceback (most recent call last):\n  File \"/home/imran/Desktop/cs-5001/prompting/CS-5001-AI-Augmented-SE/Week 1/in-class-exercise/Code-Translation/output_code_translation/test/tests_PushBoxGame.py\", line 20, in test_init_game_2\n    self.assertEqual(self.game.is_game_over, False)\nAssertionError: <bound method PushBoxGame.is_game_over of[56 chars]ce0>> != False\n\n======================================================================\nFAIL: test_move_2 (tests_PushBoxGame.PushBoxGameTestMove.test_move_2)\n----------------------------------------------------------------------\nTraceback (most recent call last):\n  File \"/home/imran/Desktop/cs-5001/prompting/CS-5001-AI-Augmented-SE/Week 1/in-class-exercise/Code-Translation/output_code_translation/test/tests_PushBoxGame.py\", line 79, in test_move_2\n    self.assertFalse(self.game.is_game_over)\nAssertionError: <bound method PushBoxGame.is_game_over of <solution.PushBoxGame.PushBoxGame object at 0x7ce722a67b90>>"
    },
    {
      "chunk_id": "test_output.txt::chunk_0061",
      "source": "data_code_translation_log/test_output.txt",
      "text": "BoxGame.py\", line 79, in test_move_2\n    self.assertFalse(self.game.is_game_over)\nAssertionError: <bound method PushBoxGame.is_game_over of <solution.PushBoxGame.PushBoxGame object at 0x7ce722a67b90>> is not false\n\n======================================================================\nFAIL: test_move_3 (tests_PushBoxGame.PushBoxGameTestMove.test_move_3)\n----------------------------------------------------------------------\nTraceback (most recent call last):\n  File \"/home/imran/Desktop/cs-5001/prompting/CS-5001-AI-Augmented-SE/Week 1/in-class-exercise/Code-Translation/output_code_translation/test/tests_PushBoxGame.py\", line 85, in test_move_3\n    self.assertFalse(self.game.is_game_over)\nAssertionError: <bound method PushBoxGame.is_game_over of <solution.PushBoxGame.PushBoxGame object at 0x7ce722a67da0>> is not false\n\n======================================================================\nFAIL: test_move_4 (tests_PushBoxGame.PushBoxGameTestMove.test_move_4)\n----------------------------------------------------------------------\nTraceback (most recent call last):\n  File \"/home/imran/Desktop/cs-5001/prompting/CS-5001-AI-Augmented-SE/Week 1/in-class-exercise/Code-Translation/output_code_translation/test/tests_PushBoxGame.py\", line 91, in test_move_4\n    self.assertFalse(self.game.is_game_over)\nAssertionError: <bound method PushBoxGame.is_game_over of <solution.PushBoxGame.PushBoxGame object at 0x7ce722a67c80>> is not false\n\n==========================================================="
    },
    {
      "chunk_id": "test_output.txt::chunk_0062",
      "source": "data_code_translation_log/test_output.txt",
      "text": "e_over)\nAssertionError: <bound method PushBoxGame.is_game_over of <solution.PushBoxGame.PushBoxGame object at 0x7ce722a67c80>> is not false\n\n======================================================================\nFAIL: test_move_5 (tests_PushBoxGame.PushBoxGameTestMove.test_move_5)\n----------------------------------------------------------------------\nTraceback (most recent call last):\n  File \"/home/imran/Desktop/cs-5001/prompting/CS-5001-AI-Augmented-SE/Week 1/in-class-exercise/Code-Translation/output_code_translation/test/tests_PushBoxGame.py\", line 97, in test_move_5\n    self.assertFalse(self.game.is_game_over)\nAssertionError: <bound method PushBoxGame.is_game_over of <solution.PushBoxGame.PushBoxGame object at 0x7ce722a67a70>> is not false\n\n======================================================================\nFAIL: test_move_6 (tests_PushBoxGame.PushBoxGameTestMove.test_move_6)\n----------------------------------------------------------------------\nTraceback (most recent call last):\n  File \"/home/imran/Desktop/cs-5001/prompting/CS-5001-AI-Augmented-SE/Week 1/in-class-exercise/Code-Translation/output_code_translation/test/tests_PushBoxGame.py\", line 101, in test_move_6\n    self.assertFalse(self.game.is_game_over)\nAssertionError: <bound method PushBoxGame.is_game_over of <solution.PushBoxGame.PushBoxGame object at 0x7ce722a67b30>> is not false\n\n======================================================================\nFAIL: test_move_7 (tests_PushBoxGame.PushBoxGameTestMove.test"
    },
    {
      "chunk_id": "test_output.txt::chunk_0063",
      "source": "data_code_translation_log/test_output.txt",
      "text": "on.PushBoxGame.PushBoxGame object at 0x7ce722a67b30>> is not false\n\n======================================================================\nFAIL: test_move_7 (tests_PushBoxGame.PushBoxGameTestMove.test_move_7)\n----------------------------------------------------------------------\nTraceback (most recent call last):\n  File \"/home/imran/Desktop/cs-5001/prompting/CS-5001-AI-Augmented-SE/Week 1/in-class-exercise/Code-Translation/output_code_translation/test/tests_PushBoxGame.py\", line 115, in test_move_7\n    self.assertFalse(self.game.is_game_over)\nAssertionError: <bound method PushBoxGame.is_game_over of <solution.PushBoxGame.PushBoxGame object at 0x7ce722a65fa0>> is not false\n\n======================================================================\nFAIL: test_regexutils (tests_RegexUtils.RegexUtilsTest.test_regexutils)\n----------------------------------------------------------------------\nTraceback (most recent call last):\n  File \"/home/imran/Desktop/cs-5001/prompting/CS-5001-AI-Augmented-SE/Week 1/in-class-exercise/Code-Translation/output_code_translation/test/tests_RegexUtils.py\", line 305, in test_regexutils\n    self.assertEqual(res, ['', ' abiguygusu ', ' kjgufwycs ', ''])\nAssertionError: Lists differ: ['', ' abiguygusu ', ' kjgufwycs ', '', ''] != ['', ' abiguygusu ', ' kjgufwycs ', '']\n\nFirst list contains 1 additional elements.\nFirst extra element 4:\n''\n\n- ['', ' abiguygusu ', ' kjgufwycs ', '', '']\n?                                    ----\n\n+ ['', ' abiguygusu ', ' kjgufwyc"
    },
    {
      "chunk_id": "test_output.txt::chunk_0064",
      "source": "data_code_translation_log/test_output.txt",
      "text": "', '']\n\nFirst list contains 1 additional elements.\nFirst extra element 4:\n''\n\n- ['', ' abiguygusu ', ' kjgufwycs ', '', '']\n?                                    ----\n\n+ ['', ' abiguygusu ', ' kjgufwycs ', '']\n\n======================================================================\nFAIL: test_split_1 (tests_RegexUtils.RegexUtilsTestSplit.test_split_1)\n----------------------------------------------------------------------\nTraceback (most recent call last):\n  File \"/home/imran/Desktop/cs-5001/prompting/CS-5001-AI-Augmented-SE/Week 1/in-class-exercise/Code-Translation/output_code_translation/test/tests_RegexUtils.py\", line 63, in test_split_1\n    self.assertEqual(res, ['', ' abiguygusu ', ' kjgufwycs ', ''])\nAssertionError: Lists differ: ['', ' abiguygusu ', ' kjgufwycs ', '', ''] != ['', ' abiguygusu ', ' kjgufwycs ', '']\n\nFirst list contains 1 additional elements.\nFirst extra element 4:\n''\n\n- ['', ' abiguygusu ', ' kjgufwycs ', '', '']\n?                                    ----\n\n+ ['', ' abiguygusu ', ' kjgufwycs ', '']\n\n======================================================================\nFAIL: test_split_3 (tests_RegexUtils.RegexUtilsTestSplit.test_split_3)\n----------------------------------------------------------------------\nTraceback (most recent call last):\n  File \"/home/imran/Desktop/cs-5001/prompting/CS-5001-AI-Augmented-SE/Week 1/in-class-exercise/Code-Translation/output_code_translation/test/tests_RegexUtils.py\", line 73, in test_split_3\n    self.assertEqual(res, ['',"
    },
    {
      "chunk_id": "test_output.txt::chunk_0065",
      "source": "data_code_translation_log/test_output.txt",
      "text": "/Desktop/cs-5001/prompting/CS-5001-AI-Augmented-SE/Week 1/in-class-exercise/Code-Translation/output_code_translation/test/tests_RegexUtils.py\", line 73, in test_split_3\n    self.assertEqual(res, ['', ' abiguygusu ', ' kjgufwycs ', ''])\nAssertionError: Lists differ: ['', ' abiguygusu ', ' kjgufwycs ', '', ''] != ['', ' abiguygusu ', ' kjgufwycs ', '']\n\nFirst list contains 1 additional elements.\nFirst extra element 4:\n''\n\n- ['', ' abiguygusu ', ' kjgufwycs ', '', '']\n?                                    ----\n\n+ ['', ' abiguygusu ', ' kjgufwycs ', '']\n\n======================================================================\nFAIL: test_split_4 (tests_RegexUtils.RegexUtilsTestSplit.test_split_4)\n----------------------------------------------------------------------\nTraceback (most recent call last):\n  File \"/home/imran/Desktop/cs-5001/prompting/CS-5001-AI-Augmented-SE/Week 1/in-class-exercise/Code-Translation/output_code_translation/test/tests_RegexUtils.py\", line 78, in test_split_4\n    self.assertEqual(res, ['123456-7890 abiguygusu ', ' kjgufwycs ', ''])\nAssertionError: Lists differ: ['123456-7890 abiguygusu ', ' kjgufwycs ', '', ''] != ['123456-7890 abiguygusu ', ' kjgufwycs ', '']\n\nFirst list contains 1 additional elements.\nFirst extra element 3:\n''\n\n- ['123456-7890 abiguygusu ', ' kjgufwycs ', '', '']\n?                                           ----\n\n+ ['123456-7890 abiguygusu ', ' kjgufwycs ', '']\n\n======================================================================\nFAIL: te"
    },
    {
      "chunk_id": "test_output.txt::chunk_0066",
      "source": "data_code_translation_log/test_output.txt",
      "text": "kjgufwycs ', '', '']\n?                                           ----\n\n+ ['123456-7890 abiguygusu ', ' kjgufwycs ', '']\n\n======================================================================\nFAIL: test_split_5 (tests_RegexUtils.RegexUtilsTestSplit.test_split_5)\n----------------------------------------------------------------------\nTraceback (most recent call last):\n  File \"/home/imran/Desktop/cs-5001/prompting/CS-5001-AI-Augmented-SE/Week 1/in-class-exercise/Code-Translation/output_code_translation/test/tests_RegexUtils.py\", line 83, in test_split_5\n    self.assertEqual(res, ['123-456-789a abiguygusu ', ' kjgufwycs ', ''])\nAssertionError: Lists differ: ['123-456-789a abiguygusu ', ' kjgufwycs ', '', ''] != ['123-456-789a abiguygusu ', ' kjgufwycs ', '']\n\nFirst list contains 1 additional elements.\nFirst extra element 3:\n''\n\n- ['123-456-789a abiguygusu ', ' kjgufwycs ', '', '']\n?                                            ----\n\n+ ['123-456-789a abiguygusu ', ' kjgufwycs ', '']\n\n======================================================================\nFAIL: test_insert_1 (tests_SQLQueryBuilder.SQLQueryBuilderTestInsert.test_insert_1)\n----------------------------------------------------------------------\nTraceback (most recent call last):\n  File \"/home/imran/Desktop/cs-5001/prompting/CS-5001-AI-Augmented-SE/Week 1/in-class-exercise/Code-Translation/output_code_translation/test/tests_SQLQueryBuilder.py\", line 51, in test_insert_1\n    self.assertEqual(\nAssertionError: \"INSERT INTO us"
    },
    {
      "chunk_id": "test_output.txt::chunk_0067",
      "source": "data_code_translation_log/test_output.txt",
      "text": "S-5001-AI-Augmented-SE/Week 1/in-class-exercise/Code-Translation/output_code_translation/test/tests_SQLQueryBuilder.py\", line 51, in test_insert_1\n    self.assertEqual(\nAssertionError: \"INSERT INTO users (n, a) VALUES ('a', 'g')\" != \"INSERT INTO users (name, age) VALUES ('Tom', '30')\"\n- INSERT INTO users (n, a) VALUES ('a', 'g')\n?                                   ^    ^\n+ INSERT INTO users (name, age) VALUES ('Tom', '30')\n?                     +++   ++           ^^^    ^^\n\n======================================================================\nFAIL: test_insert_2 (tests_SQLQueryBuilder.SQLQueryBuilderTestInsert.test_insert_2)\n----------------------------------------------------------------------\nTraceback (most recent call last):\n  File \"/home/imran/Desktop/cs-5001/prompting/CS-5001-AI-Augmented-SE/Week 1/in-class-exercise/Code-Translation/output_code_translation/test/tests_SQLQueryBuilder.py\", line 57, in test_insert_2\n    self.assertEqual(\nAssertionError: \"INSERT INTO students (n, a) VALUES ('a', 'g')\" != \"INSERT INTO students (name, age) VALUES ('Tom', '18')\"\n- INSERT INTO students (n, a) VALUES ('a', 'g')\n?                                      ^    ^\n+ INSERT INTO students (name, age) VALUES ('Tom', '18')\n?                        +++   ++           ^^^    ^^\n\n======================================================================\nFAIL: test_insert_3 (tests_SQLQueryBuilder.SQLQueryBuilderTestInsert.test_insert_3)\n-------------------------------------------------------------"
    },
    {
      "chunk_id": "test_output.txt::chunk_0068",
      "source": "data_code_translation_log/test_output.txt",
      "text": "======================================================\nFAIL: test_insert_3 (tests_SQLQueryBuilder.SQLQueryBuilderTestInsert.test_insert_3)\n----------------------------------------------------------------------\nTraceback (most recent call last):\n  File \"/home/imran/Desktop/cs-5001/prompting/CS-5001-AI-Augmented-SE/Week 1/in-class-exercise/Code-Translation/output_code_translation/test/tests_SQLQueryBuilder.py\", line 63, in test_insert_3\n    self.assertEqual(\nAssertionError: \"INSERT INTO items (n, p) VALUES ('a', 'r')\" != \"INSERT INTO items (name, price) VALUES ('apple', '1.0')\"\n- INSERT INTO items (n, p) VALUES ('a', 'r')\n?                                        ^\n+ INSERT INTO items (name, price) VALUES ('apple', '1.0')\n?                     +++   ++++            ++++    ^^^\n\n======================================================================\nFAIL: test_insert_4 (tests_SQLQueryBuilder.SQLQueryBuilderTestInsert.test_insert_4)\n----------------------------------------------------------------------\nTraceback (most recent call last):\n  File \"/home/imran/Desktop/cs-5001/prompting/CS-5001-AI-Augmented-SE/Week 1/in-class-exercise/Code-Translation/output_code_translation/test/tests_SQLQueryBuilder.py\", line 69, in test_insert_4\n    self.assertEqual(\nAssertionError: \"INSERT INTO users (n) VALUES ('a')\" != \"INSERT INTO users (name) VALUES ('Tom')\"\n- INSERT INTO users (n) VALUES ('a')\n?                                ^\n+ INSERT INTO users (name) VALUES ('Tom')\n?                     +++"
    },
    {
      "chunk_id": "test_output.txt::chunk_0069",
      "source": "data_code_translation_log/test_output.txt",
      "text": ") VALUES ('a')\" != \"INSERT INTO users (name) VALUES ('Tom')\"\n- INSERT INTO users (n) VALUES ('a')\n?                                ^\n+ INSERT INTO users (name) VALUES ('Tom')\n?                     +++           ^^^\n\n======================================================================\nFAIL: test_insert_5 (tests_SQLQueryBuilder.SQLQueryBuilderTestInsert.test_insert_5)\n----------------------------------------------------------------------\nTraceback (most recent call last):\n  File \"/home/imran/Desktop/cs-5001/prompting/CS-5001-AI-Augmented-SE/Week 1/in-class-exercise/Code-Translation/output_code_translation/test/tests_SQLQueryBuilder.py\", line 75, in test_insert_5\n    self.assertEqual(\nAssertionError: \"INSERT INTO users (n, a, r) VALUES ('a', 'g', 'e')\" != \"INSERT INTO users (name, age, region) VALUES ('Tom', '30', 'USA')\"\n- INSERT INTO users (n, a, r) VALUES ('a', 'g', 'e')\n?                                      ^    ^    ^\n+ INSERT INTO users (name, age, region) VALUES ('Tom', '30', 'USA')\n?                     +++   ++   +++++           ^^^    ^^    ^^^\n\n======================================================================\nFAIL: test_update_1 (tests_SQLQueryBuilder.SQLQueryBuilderTestUpdate.test_update_1)\n----------------------------------------------------------------------\nTraceback (most recent call last):\n  File \"/home/imran/Desktop/cs-5001/prompting/CS-5001-AI-Augmented-SE/Week 1/in-class-exercise/Code-Translation/output_code_translation/test/tests_SQLQueryBuilder.py\","
    },
    {
      "chunk_id": "test_output.txt::chunk_0070",
      "source": "data_code_translation_log/test_output.txt",
      "text": "aceback (most recent call last):\n  File \"/home/imran/Desktop/cs-5001/prompting/CS-5001-AI-Augmented-SE/Week 1/in-class-exercise/Code-Translation/output_code_translation/test/tests_SQLQueryBuilder.py\", line 121, in test_update_1\n    self.assertEqual(\nAssertionError: \"UPDATE users SET a='g' WHERE n='a'\" != \"UPDATE users SET age='35' WHERE name='Tom'\"\n- UPDATE users SET a='g' WHERE n='a'\n?                     ^           ^\n+ UPDATE users SET age='35' WHERE name='Tom'\n?                   ++  ^^         +++  ^^^\n\n======================================================================\nFAIL: test_update_2 (tests_SQLQueryBuilder.SQLQueryBuilderTestUpdate.test_update_2)\n----------------------------------------------------------------------\nTraceback (most recent call last):\n  File \"/home/imran/Desktop/cs-5001/prompting/CS-5001-AI-Augmented-SE/Week 1/in-class-exercise/Code-Translation/output_code_translation/test/tests_SQLQueryBuilder.py\", line 127, in test_update_2\n    self.assertEqual(\nAssertionError: \"UPDATE students SET a='g' WHERE n='a'\" != \"UPDATE students SET age='18' WHERE name='Tom'\"\n- UPDATE students SET a='g' WHERE n='a'\n?                        ^           ^\n+ UPDATE students SET age='18' WHERE name='Tom'\n?                      ++  ^^         +++  ^^^\n\n======================================================================\nFAIL: test_update_3 (tests_SQLQueryBuilder.SQLQueryBuilderTestUpdate.test_update_3)\n----------------------------------------------------------------------"
    },
    {
      "chunk_id": "test_output.txt::chunk_0071",
      "source": "data_code_translation_log/test_output.txt",
      "text": "============================================\nFAIL: test_update_3 (tests_SQLQueryBuilder.SQLQueryBuilderTestUpdate.test_update_3)\n----------------------------------------------------------------------\nTraceback (most recent call last):\n  File \"/home/imran/Desktop/cs-5001/prompting/CS-5001-AI-Augmented-SE/Week 1/in-class-exercise/Code-Translation/output_code_translation/test/tests_SQLQueryBuilder.py\", line 133, in test_update_3\n    self.assertEqual(\nAssertionError: \"UPDATE items SET p='r' WHERE n='a'\" != \"UPDATE items SET price='1.0' WHERE name='apple'\"\n- UPDATE items SET p='r' WHERE n='a'\n?                     ^\n+ UPDATE items SET price='1.0' WHERE name='apple'\n?                   ++++  ^^^         +++   ++++\n\n======================================================================\nFAIL: test_update_4 (tests_SQLQueryBuilder.SQLQueryBuilderTestUpdate.test_update_4)\n----------------------------------------------------------------------\nTraceback (most recent call last):\n  File \"/home/imran/Desktop/cs-5001/prompting/CS-5001-AI-Augmented-SE/Week 1/in-class-exercise/Code-Translation/output_code_translation/test/tests_SQLQueryBuilder.py\", line 139, in test_update_4\n    self.assertEqual(\nAssertionError: \"UPDATE items SET p='r' WHERE n='a'\" != \"UPDATE items SET price='1.0' WHERE name='aaa'\"\n- UPDATE items SET p='r' WHERE n='a'\n?                     ^\n+ UPDATE items SET price='1.0' WHERE name='aaa'\n?                   ++++  ^^^         +++   ++\n\n=========================================="
    },
    {
      "chunk_id": "test_output.txt::chunk_0072",
      "source": "data_code_translation_log/test_output.txt",
      "text": "- UPDATE items SET p='r' WHERE n='a'\n?                     ^\n+ UPDATE items SET price='1.0' WHERE name='aaa'\n?                   ++++  ^^^         +++   ++\n\n======================================================================\nFAIL: test_update_5 (tests_SQLQueryBuilder.SQLQueryBuilderTestUpdate.test_update_5)\n----------------------------------------------------------------------\nTraceback (most recent call last):\n  File \"/home/imran/Desktop/cs-5001/prompting/CS-5001-AI-Augmented-SE/Week 1/in-class-exercise/Code-Translation/output_code_translation/test/tests_SQLQueryBuilder.py\", line 145, in test_update_5\n    self.assertEqual(\nAssertionError: \"UPDATE items SET p='r' WHERE n='a'\" != \"UPDATE items SET price='1.0' WHERE name='bbb'\"\n- UPDATE items SET p='r' WHERE n='a'\n?                     ^           ^\n+ UPDATE items SET price='1.0' WHERE name='bbb'\n?                   ++++  ^^^         +++  ^^^\n\n======================================================================\nFAIL: test_update_6 (tests_SQLQueryBuilder.SQLQueryBuilderTestUpdate.test_update_6)\n----------------------------------------------------------------------\nTraceback (most recent call last):\n  File \"/home/imran/Desktop/cs-5001/prompting/CS-5001-AI-Augmented-SE/Week 1/in-class-exercise/Code-Translation/output_code_translation/test/tests_SQLQueryBuilder.py\", line 151, in test_update_6\n    self.assertEqual(\nAssertionError: \"UPDATE items SET p='r'\" != \"UPDATE items SET price='1.0'\"\n- UPDATE items SET p='r'\n?"
    },
    {
      "chunk_id": "test_output.txt::chunk_0073",
      "source": "data_code_translation_log/test_output.txt",
      "text": "ation/test/tests_SQLQueryBuilder.py\", line 151, in test_update_6\n    self.assertEqual(\nAssertionError: \"UPDATE items SET p='r'\" != \"UPDATE items SET price='1.0'\"\n- UPDATE items SET p='r'\n?                     ^\n+ UPDATE items SET price='1.0'\n?                   ++++  ^^^\n\n======================================================================\nFAIL: test_server (tests_Server.ServerTest.test_server)\n----------------------------------------------------------------------\nTraceback (most recent call last):\n  File \"/home/imran/Desktop/cs-5001/prompting/CS-5001-AI-Augmented-SE/Week 1/in-class-exercise/Code-Translation/output_code_translation/test/tests_Server.py\", line 166, in test_server\n    self.assertEqual(server.receive_struct, {\"addr\": 88, \"content\": \"abc\"})\nAssertionError: {'addr': '88', 'content': 'abc'} != {'addr': 88, 'content': 'abc'}\n- {'addr': '88', 'content': 'abc'}\n?          -  -\n\n+ {'addr': 88, 'content': 'abc'}\n\n======================================================================\nFAIL: test_add_white_list_2 (tests_Server.ServerTestAddWhiteList.test_add_white_list_2)\n----------------------------------------------------------------------\nTraceback (most recent call last):\n  File \"/home/imran/Desktop/cs-5001/prompting/CS-5001-AI-Augmented-SE/Week 1/in-class-exercise/Code-Translation/output_code_translation/test/tests_Server.py\", line 14, in test_add_white_list_2\n    self.assertEqual(server.add_white_list(88), False)\nAssertionError: [] != False\n\n======================="
    },
    {
      "chunk_id": "test_output.txt::chunk_0074",
      "source": "data_code_translation_log/test_output.txt",
      "text": "Translation/output_code_translation/test/tests_Server.py\", line 14, in test_add_white_list_2\n    self.assertEqual(server.add_white_list(88), False)\nAssertionError: [] != False\n\n======================================================================\nFAIL: test_add_white_list_3 (tests_Server.ServerTestAddWhiteList.test_add_white_list_3)\n----------------------------------------------------------------------\nTraceback (most recent call last):\n  File \"/home/imran/Desktop/cs-5001/prompting/CS-5001-AI-Augmented-SE/Week 1/in-class-exercise/Code-Translation/output_code_translation/test/tests_Server.py\", line 20, in test_add_white_list_3\n    self.assertEqual(server.add_white_list(11), False)\nAssertionError: [] != False\n\n======================================================================\nFAIL: test_add_white_list_5 (tests_Server.ServerTestAddWhiteList.test_add_white_list_5)\n----------------------------------------------------------------------\nTraceback (most recent call last):\n  File \"/home/imran/Desktop/cs-5001/prompting/CS-5001-AI-Augmented-SE/Week 1/in-class-exercise/Code-Translation/output_code_translation/test/tests_Server.py\", line 32, in test_add_white_list_5\n    self.assertEqual(server.add_white_list(22), False)\nAssertionError: [] != False\n\n======================================================================\nFAIL: test_del_white_list_2 (tests_Server.ServerTestDelWhiteList.test_del_white_list_2)\n----------------------------------------------------------------------\nTraceback"
    },
    {
      "chunk_id": "test_output.txt::chunk_0075",
      "source": "data_code_translation_log/test_output.txt",
      "text": "===============================\nFAIL: test_del_white_list_2 (tests_Server.ServerTestDelWhiteList.test_del_white_list_2)\n----------------------------------------------------------------------\nTraceback (most recent call last):\n  File \"/home/imran/Desktop/cs-5001/prompting/CS-5001-AI-Augmented-SE/Week 1/in-class-exercise/Code-Translation/output_code_translation/test/tests_Server.py\", line 44, in test_del_white_list_2\n    self.assertEqual(server.del_white_list(88), False)\nAssertionError: [] != False\n\n======================================================================\nFAIL: test_del_white_list_3 (tests_Server.ServerTestDelWhiteList.test_del_white_list_3)\n----------------------------------------------------------------------\nTraceback (most recent call last):\n  File \"/home/imran/Desktop/cs-5001/prompting/CS-5001-AI-Augmented-SE/Week 1/in-class-exercise/Code-Translation/output_code_translation/test/tests_Server.py\", line 48, in test_del_white_list_3\n    self.assertEqual(server.del_white_list(11), False)\nAssertionError: [] != False\n\n======================================================================\nFAIL: test_del_white_list_4 (tests_Server.ServerTestDelWhiteList.test_del_white_list_4)\n----------------------------------------------------------------------\nTraceback (most recent call last):\n  File \"/home/imran/Desktop/cs-5001/prompting/CS-5001-AI-Augmented-SE/Week 1/in-class-exercise/Code-Translation/output_code_translation/test/tests_Server.py\", line 52, in test_del_white_list"
    },
    {
      "chunk_id": "test_output.txt::chunk_0076",
      "source": "data_code_translation_log/test_output.txt",
      "text": "ll last):\n  File \"/home/imran/Desktop/cs-5001/prompting/CS-5001-AI-Augmented-SE/Week 1/in-class-exercise/Code-Translation/output_code_translation/test/tests_Server.py\", line 52, in test_del_white_list_4\n    self.assertEqual(server.del_white_list(22), False)\nAssertionError: [] != False\n\n======================================================================\nFAIL: test_del_white_list_5 (tests_Server.ServerTestDelWhiteList.test_del_white_list_5)\n----------------------------------------------------------------------\nTraceback (most recent call last):\n  File \"/home/imran/Desktop/cs-5001/prompting/CS-5001-AI-Augmented-SE/Week 1/in-class-exercise/Code-Translation/output_code_translation/test/tests_Server.py\", line 57, in test_del_white_list_5\n    self.assertEqual(server.del_white_list(22), False)\nAssertionError: [] != False\n\n======================================================================\nFAIL: test_recv_1 (tests_Server.ServerTestRecv.test_recv_1)\n----------------------------------------------------------------------\nTraceback (most recent call last):\n  File \"/home/imran/Desktop/cs-5001/prompting/CS-5001-AI-Augmented-SE/Week 1/in-class-exercise/Code-Translation/output_code_translation/test/tests_Server.py\", line 65, in test_recv_1\n    self.assertEqual(server.receive_struct, {\"addr\": 88, \"content\": \"abc\"})\nAssertionError: {'addr': '88', 'content': 'abc'} != {'addr': 88, 'content': 'abc'}\n- {'addr': '88', 'content': 'abc'}\n?          -  -\n\n+ {'addr': 88, 'content': 'abc'}\n\n======"
    },
    {
      "chunk_id": "test_output.txt::chunk_0077",
      "source": "data_code_translation_log/test_output.txt",
      "text": ": 88, \"content\": \"abc\"})\nAssertionError: {'addr': '88', 'content': 'abc'} != {'addr': 88, 'content': 'abc'}\n- {'addr': '88', 'content': 'abc'}\n?          -  -\n\n+ {'addr': 88, 'content': 'abc'}\n\n======================================================================\nFAIL: test_show_2 (tests_Server.ServerTestShow.test_show_2)\n----------------------------------------------------------------------\nTraceback (most recent call last):\n  File \"/home/imran/Desktop/cs-5001/prompting/CS-5001-AI-Augmented-SE/Week 1/in-class-exercise/Code-Translation/output_code_translation/test/tests_Server.py\", line 133, in test_show_2\n    self.assertEqual(server.show(\"receive\"), {\"addr\": 66, \"content\": \"ABC\"})\nAssertionError: {'addr': '66', 'content': 'ABC'} != {'addr': 66, 'content': 'ABC'}\n- {'addr': '66', 'content': 'ABC'}\n?          -  -\n\n+ {'addr': 66, 'content': 'ABC'}\n\n======================================================================\nFAIL: test_show_3 (tests_Server.ServerTestShow.test_show_3)\n----------------------------------------------------------------------\nTraceback (most recent call last):\n  File \"/home/imran/Desktop/cs-5001/prompting/CS-5001-AI-Augmented-SE/Week 1/in-class-exercise/Code-Translation/output_code_translation/test/tests_Server.py\", line 140, in test_show_3\n    self.assertEqual(server.show(\"abcdefg\"), False)\nAssertionError: {} != False\n\n======================================================================\nFAIL: test_check_winner_5 (tests_TicTacToe.TicTacToeTestCheckWinne"
    },
    {
      "chunk_id": "test_output.txt::chunk_0078",
      "source": "data_code_translation_log/test_output.txt",
      "text": "al(server.show(\"abcdefg\"), False)\nAssertionError: {} != False\n\n======================================================================\nFAIL: test_check_winner_5 (tests_TicTacToe.TicTacToeTestCheckWinner.test_check_winner_5)\n----------------------------------------------------------------------\nTraceback (most recent call last):\n  File \"/home/imran/Desktop/cs-5001/prompting/CS-5001-AI-Augmented-SE/Week 1/in-class-exercise/Code-Translation/output_code_translation/test/tests_TicTacToe.py\", line 86, in test_check_winner_5\n    self.assertEqual(ttt.check_winner(), None)\nAssertionError: '\\x00' != None\n\n======================================================================\nFAIL: test_main (tests_TicTacToe.TicTacToeTestMain.test_main)\n----------------------------------------------------------------------\nTraceback (most recent call last):\n  File \"/home/imran/Desktop/cs-5001/prompting/CS-5001-AI-Augmented-SE/Week 1/in-class-exercise/Code-Translation/output_code_translation/test/tests_TicTacToe.py\", line 133, in test_main\n    self.assertFalse(ttt.check_winner())\nAssertionError: '\\x00' is not false\n\n======================================================================\nFAIL: test_get_fragment_2 (tests_URLHandler.URLHandlerTestGetFragment.test_get_fragment_2)\n----------------------------------------------------------------------\nTraceback (most recent call last):\n  File \"/home/imran/Desktop/cs-5001/prompting/CS-5001-AI-Augmented-SE/Week 1/in-class-exercise/Code-Translation/output_code_tran"
    },
    {
      "chunk_id": "test_output.txt::chunk_0079",
      "source": "data_code_translation_log/test_output.txt",
      "text": "------------------------------------\nTraceback (most recent call last):\n  File \"/home/imran/Desktop/cs-5001/prompting/CS-5001-AI-Augmented-SE/Week 1/in-class-exercise/Code-Translation/output_code_translation/test/tests_URLHandler.py\", line 159, in test_get_fragment_2\n    self.assertEqual(temp, None)\nAssertionError: '' != None\n\n======================================================================\nFAIL: test_get_host_6 (tests_URLHandler.URLHandlerTestGetHost.test_get_host_6)\n----------------------------------------------------------------------\nTraceback (most recent call last):\n  File \"/home/imran/Desktop/cs-5001/prompting/CS-5001-AI-Augmented-SE/Week 1/in-class-exercise/Code-Translation/output_code_translation/test/tests_URLHandler.py\", line 68, in test_get_host_6\n    self.assertIsNone(temp)\nAssertionError: '' is not None\n\n======================================================================\nFAIL: test_get_path_6 (tests_URLHandler.URLHandlerTestGetPath.test_get_path_6)\n----------------------------------------------------------------------\nTraceback (most recent call last):\n  File \"/home/imran/Desktop/cs-5001/prompting/CS-5001-AI-Augmented-SE/Week 1/in-class-exercise/Code-Translation/output_code_translation/test/tests_URLHandler.py\", line 112, in test_get_path_6\n    self.assertIsNone(temp)\nAssertionError: '' is not None\n\n======================================================================\nFAIL: test_get_query_params_3 (tests_URLHandler.URLHandlerTestGetQueryParams.test_get"
    },
    {
      "chunk_id": "test_output.txt::chunk_0080",
      "source": "data_code_translation_log/test_output.txt",
      "text": "sNone(temp)\nAssertionError: '' is not None\n\n======================================================================\nFAIL: test_get_query_params_3 (tests_URLHandler.URLHandlerTestGetQueryParams.test_get_query_params_3)\n----------------------------------------------------------------------\nTraceback (most recent call last):\n  File \"/home/imran/Desktop/cs-5001/prompting/CS-5001-AI-Augmented-SE/Week 1/in-class-exercise/Code-Translation/output_code_translation/test/tests_URLHandler.py\", line 131, in test_get_query_params_3\n    self.assertEqual(temp, None)\nAssertionError: {} != None\n\n======================================================================\nFAIL: test_get_scheme_6 (tests_URLHandler.URLHandlerTestGetScheme.test_get_scheme_6)\n----------------------------------------------------------------------\nTraceback (most recent call last):\n  File \"/home/imran/Desktop/cs-5001/prompting/CS-5001-AI-Augmented-SE/Week 1/in-class-exercise/Code-Translation/output_code_translation/test/tests_URLHandler.py\", line 35, in test_get_scheme_6\n    self.assertIsNone(temp)\nAssertionError: '' is not None\n\n======================================================================\nFAIL: test_add_item (tests_VendingMachine.VendingMachineTestAddItem.test_add_item)\n----------------------------------------------------------------------\nTraceback (most recent call last):\n  File \"/home/imran/Desktop/cs-5001/prompting/CS-5001-AI-Augmented-SE/Week 1/in-class-exercise/Code-Translation/output_code_translation/test/"
    },
    {
      "chunk_id": "test_output.txt::chunk_0081",
      "source": "data_code_translation_log/test_output.txt",
      "text": "-----------------------\nTraceback (most recent call last):\n  File \"/home/imran/Desktop/cs-5001/prompting/CS-5001-AI-Augmented-SE/Week 1/in-class-exercise/Code-Translation/output_code_translation/test/tests_VendingMachine.py\", line 7, in test_add_item\n    self.assertEqual(vendingMachine.inventory, {'Coke': {'price': 1.25, 'quantity': 10}})\nAssertionError: <bound method VendingMachine.inventory of[62 chars]880>> != {'Coke': {'price': 1.25, 'quantity': 10}}\n\n======================================================================\nFAIL: test_add_item_2 (tests_VendingMachine.VendingMachineTestAddItem.test_add_item_2)\n----------------------------------------------------------------------\nTraceback (most recent call last):\n  File \"/home/imran/Desktop/cs-5001/prompting/CS-5001-AI-Augmented-SE/Week 1/in-class-exercise/Code-Translation/output_code_translation/test/tests_VendingMachine.py\", line 13, in test_add_item_2\n    self.assertEqual(vendingMachine.inventory, {'Coke': {'price': 1.25, 'quantity': 20}})\nAssertionError: <bound method VendingMachine.inventory of[62 chars]dc0>> != {'Coke': {'price': 1.25, 'quantity': 20}}\n\n======================================================================\nFAIL: test_add_item_3 (tests_VendingMachine.VendingMachineTestAddItem.test_add_item_3)\n----------------------------------------------------------------------\nTraceback (most recent call last):\n  File \"/home/imran/Desktop/cs-5001/prompting/CS-5001-AI-Augmented-SE/Week 1/in-class-exercise/Code-Translat"
    },
    {
      "chunk_id": "test_output.txt::chunk_0082",
      "source": "data_code_translation_log/test_output.txt",
      "text": "--------------------------------------------------------\nTraceback (most recent call last):\n  File \"/home/imran/Desktop/cs-5001/prompting/CS-5001-AI-Augmented-SE/Week 1/in-class-exercise/Code-Translation/output_code_translation/test/tests_VendingMachine.py\", line 19, in test_add_item_3\n    self.assertEqual(vendingMachine.inventory, {'Coke': {'price': 1.25, 'quantity': 10}, 'Pizza': {'price': 1.25, 'quantity': 10}})\nAssertionError: <bound method VendingMachine.inventory of[62 chars]e20>> != {'Coke': {'price': 1.25, 'quantity': 10},[37 chars] 10}}\n\n======================================================================\nFAIL: test_add_item_4 (tests_VendingMachine.VendingMachineTestAddItem.test_add_item_4)\n----------------------------------------------------------------------\nTraceback (most recent call last):\n  File \"/home/imran/Desktop/cs-5001/prompting/CS-5001-AI-Augmented-SE/Week 1/in-class-exercise/Code-Translation/output_code_translation/test/tests_VendingMachine.py\", line 26, in test_add_item_4\n    self.assertEqual(vendingMachine.inventory, {'Coke': {'price': 1.25, 'quantity': 10}, 'Pizza': {'price': 1.25, 'quantity': 20}})\nAssertionError: <bound method VendingMachine.inventory of[62 chars]110>> != {'Coke': {'price': 1.25, 'quantity': 10},[37 chars] 20}}\n\n======================================================================\nFAIL: test_add_item_5 (tests_VendingMachine.VendingMachineTestAddItem.test_add_item_5)\n----------------------------------------------------------------"
    },
    {
      "chunk_id": "test_output.txt::chunk_0083",
      "source": "data_code_translation_log/test_output.txt",
      "text": "================================================\nFAIL: test_add_item_5 (tests_VendingMachine.VendingMachineTestAddItem.test_add_item_5)\n----------------------------------------------------------------------\nTraceback (most recent call last):\n  File \"/home/imran/Desktop/cs-5001/prompting/CS-5001-AI-Augmented-SE/Week 1/in-class-exercise/Code-Translation/output_code_translation/test/tests_VendingMachine.py\", line 34, in test_add_item_5\n    self.assertEqual(vendingMachine.inventory, {'Coke': {'price': 1.25, 'quantity': 20}, 'Pizza': {'price': 1.25, 'quantity': 20}})\nAssertionError: <bound method VendingMachine.inventory of[62 chars]e50>> != {'Coke': {'price': 1.25, 'quantity': 20},[37 chars] 20}}\n\n======================================================================\nFAIL: test_display_items (tests_VendingMachine.VendingMachineTestDisplayItems.test_display_items)\n----------------------------------------------------------------------\nTraceback (most recent call last):\n  File \"/home/imran/Desktop/cs-5001/prompting/CS-5001-AI-Augmented-SE/Week 1/in-class-exercise/Code-Translation/output_code_translation/test/tests_VendingMachine.py\", line 138, in test_display_items\n    self.assertEqual(vendingMachine.display_items(), 'Coke - $1.25 [10]')\nAssertionError: 'false' != 'Coke - $1.25 [10]'\n- false\n+ Coke - $1.25 [10]\n\n======================================================================\nFAIL: test_display_items_2 (tests_VendingMachine.VendingMachineTestDisplayItems.test_display_items_2)"
    },
    {
      "chunk_id": "test_output.txt::chunk_0084",
      "source": "data_code_translation_log/test_output.txt",
      "text": "false\n+ Coke - $1.25 [10]\n\n======================================================================\nFAIL: test_display_items_2 (tests_VendingMachine.VendingMachineTestDisplayItems.test_display_items_2)\n----------------------------------------------------------------------\nTraceback (most recent call last):\n  File \"/home/imran/Desktop/cs-5001/prompting/CS-5001-AI-Augmented-SE/Week 1/in-class-exercise/Code-Translation/output_code_translation/test/tests_VendingMachine.py\", line 142, in test_display_items_2\n    self.assertEqual(vendingMachine.display_items(), False)\nAssertionError: 'false' != False\n\n======================================================================\nFAIL: test_display_items_3 (tests_VendingMachine.VendingMachineTestDisplayItems.test_display_items_3)\n----------------------------------------------------------------------\nTraceback (most recent call last):\n  File \"/home/imran/Desktop/cs-5001/prompting/CS-5001-AI-Augmented-SE/Week 1/in-class-exercise/Code-Translation/output_code_translation/test/tests_VendingMachine.py\", line 147, in test_display_items_3\n    self.assertEqual(vendingMachine.display_items(),\"Coke - $1.25 [10]\\nPizza - $1.25 [10]\")\nAssertionError: 'false' != 'Coke - $1.25 [10]\\nPizza - $1.25 [10]'\n- false\n+ Coke - $1.25 [10]\n+ Pizza - $1.25 [10]\n\n======================================================================\nFAIL: test_display_items_4 (tests_VendingMachine.VendingMachineTestDisplayItems.test_display_items_4)\n------------------------------------"
    },
    {
      "chunk_id": "test_output.txt::chunk_0085",
      "source": "data_code_translation_log/test_output.txt",
      "text": "=============================================================\nFAIL: test_display_items_4 (tests_VendingMachine.VendingMachineTestDisplayItems.test_display_items_4)\n----------------------------------------------------------------------\nTraceback (most recent call last):\n  File \"/home/imran/Desktop/cs-5001/prompting/CS-5001-AI-Augmented-SE/Week 1/in-class-exercise/Code-Translation/output_code_translation/test/tests_VendingMachine.py\", line 152, in test_display_items_4\n    self.assertEqual(vendingMachine.display_items(), 'Coke - $1.25 [0]')\nAssertionError: 'false' != 'Coke - $1.25 [0]'\n- false\n+ Coke - $1.25 [0]\n\n======================================================================\nFAIL: test_display_items_5 (tests_VendingMachine.VendingMachineTestDisplayItems.test_display_items_5)\n----------------------------------------------------------------------\nTraceback (most recent call last):\n  File \"/home/imran/Desktop/cs-5001/prompting/CS-5001-AI-Augmented-SE/Week 1/in-class-exercise/Code-Translation/output_code_translation/test/tests_VendingMachine.py\", line 157, in test_display_items_5\n    self.assertEqual(vendingMachine.display_items(), 'Coke - $1.25 [0]\\nPizza - $1.25 [10]')\nAssertionError: 'false' != 'Coke - $1.25 [0]\\nPizza - $1.25 [10]'\n- false\n+ Coke - $1.25 [0]\n+ Pizza - $1.25 [10]\n\n======================================================================\nFAIL: test_insert_coin_4 (tests_VendingMachine.VendingMachineTestInsertCoin.test_insert_coin_4)\n---------------------------"
    },
    {
      "chunk_id": "test_output.txt::chunk_0086",
      "source": "data_code_translation_log/test_output.txt",
      "text": "[10]\n\n======================================================================\nFAIL: test_insert_coin_4 (tests_VendingMachine.VendingMachineTestInsertCoin.test_insert_coin_4)\n----------------------------------------------------------------------\nTraceback (most recent call last):\n  File \"/home/imran/Desktop/cs-5001/prompting/CS-5001-AI-Augmented-SE/Week 1/in-class-exercise/Code-Translation/output_code_translation/test/tests_VendingMachine.py\", line 57, in test_insert_coin_4\n    self.assertEqual(vendingMachine.balance, 5.0)\nAssertionError: 1.25 != 5.0\n\n======================================================================\nFAIL: test_insert_coin_5 (tests_VendingMachine.VendingMachineTestInsertCoin.test_insert_coin_5)\n----------------------------------------------------------------------\nTraceback (most recent call last):\n  File \"/home/imran/Desktop/cs-5001/prompting/CS-5001-AI-Augmented-SE/Week 1/in-class-exercise/Code-Translation/output_code_translation/test/tests_VendingMachine.py\", line 66, in test_insert_coin_5\n    self.assertEqual(vendingMachine.balance, 6.25)\nAssertionError: 1.25 != 6.25\n\n======================================================================\nFAIL: test_main (tests_VendingMachine.VendingMachineTestMain.test_main)\n----------------------------------------------------------------------\nTraceback (most recent call last):\n  File \"/home/imran/Desktop/cs-5001/prompting/CS-5001-AI-Augmented-SE/Week 1/in-class-exercise/Code-Translation/output_code_translation/test/te"
    },
    {
      "chunk_id": "test_output.txt::chunk_0087",
      "source": "data_code_translation_log/test_output.txt",
      "text": "---------------------\nTraceback (most recent call last):\n  File \"/home/imran/Desktop/cs-5001/prompting/CS-5001-AI-Augmented-SE/Week 1/in-class-exercise/Code-Translation/output_code_translation/test/tests_VendingMachine.py\", line 162, in test_main\n    self.assertEqual(vendingMachine.display_items(), False)\nAssertionError: 'false' != False\n\n======================================================================\nFAIL: test_main_2 (tests_VendingMachine.VendingMachineTestMain.test_main_2)\n----------------------------------------------------------------------\nTraceback (most recent call last):\n  File \"/home/imran/Desktop/cs-5001/prompting/CS-5001-AI-Augmented-SE/Week 1/in-class-exercise/Code-Translation/output_code_translation/test/tests_VendingMachine.py\", line 178, in test_main_2\n    self.assertEqual(vendingMachine.inventory, {'Coke': {'price': 1.25, 'quantity': 10}})\nAssertionError: <bound method VendingMachine.inventory of[62 chars]550>> != {'Coke': {'price': 1.25, 'quantity': 10}}\n\n======================================================================\nFAIL: test_purchase_item (tests_VendingMachine.VendingMachineTestPurchaseItem.test_purchase_item)\n----------------------------------------------------------------------\nTraceback (most recent call last):\n  File \"/home/imran/Desktop/cs-5001/prompting/CS-5001-AI-Augmented-SE/Week 1/in-class-exercise/Code-Translation/output_code_translation/test/tests_VendingMachine.py\", line 74, in test_purchase_item\n    self.assertEqual(vendingMach"
    },
    {
      "chunk_id": "test_output.txt::chunk_0088",
      "source": "data_code_translation_log/test_output.txt",
      "text": "-5001/prompting/CS-5001-AI-Augmented-SE/Week 1/in-class-exercise/Code-Translation/output_code_translation/test/tests_VendingMachine.py\", line 74, in test_purchase_item\n    self.assertEqual(vendingMachine.inventory, {'Coke': {'price': 1.25, 'quantity': 9}})\nAssertionError: {'Coke': {'price': 1.25, 'quantity': 10}} != {'Coke': {'price': 1.25, 'quantity': 9}}\n- {'Coke': {'price': 1.25, 'quantity': 10}}\n?                                      ^^\n\n+ {'Coke': {'price': 1.25, 'quantity': 9}}\n?                                      ^\n\n======================================================================\nFAIL: test_purchase_item_5 (tests_VendingMachine.VendingMachineTestPurchaseItem.test_purchase_item_5)\n----------------------------------------------------------------------\nTraceback (most recent call last):\n  File \"/home/imran/Desktop/cs-5001/prompting/CS-5001-AI-Augmented-SE/Week 1/in-class-exercise/Code-Translation/output_code_translation/test/tests_VendingMachine.py\", line 102, in test_purchase_item_5\n    self.assertEqual(vendingMachine.inventory, {'Coke': {'price': 1.25, 'quantity': 10}, 'Pizza': {'price': 1.25, 'quantity': 9}})\nAssertionError: {'Cok[15 chars].25, 'quantity': 10}, 'Pizza': {'price': 1.25, 'quantity': 10}} != {'Cok[15 chars].25, 'quantity': 10}, 'Pizza': {'price': 1.25, 'quantity': 9}}\n  {'Coke': {'price': 1.25, 'quantity': 10},\n-  'Pizza': {'price': 1.25, 'quantity': 10}}\n?                                       ^^\n\n+  'Pizza': {'price': 1.25, 'quantity': 9}}\n?"
    },
    {
      "chunk_id": "test_output.txt::chunk_0089",
      "source": "data_code_translation_log/test_output.txt",
      "text": ", 'quantity': 9}}\n  {'Coke': {'price': 1.25, 'quantity': 10},\n-  'Pizza': {'price': 1.25, 'quantity': 10}}\n?                                       ^^\n\n+  'Pizza': {'price': 1.25, 'quantity': 9}}\n?                                       ^\n\n======================================================================\nFAIL: test_restock_item (tests_VendingMachine.VendingMachineTestRestockItem.test_restock_item)\n----------------------------------------------------------------------\nTraceback (most recent call last):\n  File \"/home/imran/Desktop/cs-5001/prompting/CS-5001-AI-Augmented-SE/Week 1/in-class-exercise/Code-Translation/output_code_translation/test/tests_VendingMachine.py\", line 108, in test_restock_item\n    self.assertEqual(vendingMachine.restock_item('Coke', 10), True)\nAssertionError: False != True\n\n======================================================================\nFAIL: test_restock_item_3 (tests_VendingMachine.VendingMachineTestRestockItem.test_restock_item_3)\n----------------------------------------------------------------------\nTraceback (most recent call last):\n  File \"/home/imran/Desktop/cs-5001/prompting/CS-5001-AI-Augmented-SE/Week 1/in-class-exercise/Code-Translation/output_code_translation/test/tests_VendingMachine.py\", line 120, in test_restock_item_3\n    self.assertEqual(vendingMachine.restock_item('Coke', 10), True)\nAssertionError: False != True\n\n======================================================================\nFAIL: test_restock_item_4 (tests_VendingMachine"
    },
    {
      "chunk_id": "test_output.txt::chunk_0090",
      "source": "data_code_translation_log/test_output.txt",
      "text": "ual(vendingMachine.restock_item('Coke', 10), True)\nAssertionError: False != True\n\n======================================================================\nFAIL: test_restock_item_4 (tests_VendingMachine.VendingMachineTestRestockItem.test_restock_item_4)\n----------------------------------------------------------------------\nTraceback (most recent call last):\n  File \"/home/imran/Desktop/cs-5001/prompting/CS-5001-AI-Augmented-SE/Week 1/in-class-exercise/Code-Translation/output_code_translation/test/tests_VendingMachine.py\", line 126, in test_restock_item_4\n    self.assertEqual(vendingMachine.restock_item('Pizza', 10), True)\nAssertionError: False != True\n\n======================================================================\nFAIL: test_restock_item_5 (tests_VendingMachine.VendingMachineTestRestockItem.test_restock_item_5)\n----------------------------------------------------------------------\nTraceback (most recent call last):\n  File \"/home/imran/Desktop/cs-5001/prompting/CS-5001-AI-Augmented-SE/Week 1/in-class-exercise/Code-Translation/output_code_translation/test/tests_VendingMachine.py\", line 132, in test_restock_item_5\n    self.assertEqual(vendingMachine.restock_item('Pizza', 0), True)\nAssertionError: False != True\n\n======================================================================\nFAIL: test_query_2 (tests_WeatherSystem.WeatherSystemTestQuery.test_query_2)\n----------------------------------------------------------------------\nTraceback (most recent call last):\n  File \"/home"
    },
    {
      "chunk_id": "test_output.txt::chunk_0091",
      "source": "data_code_translation_log/test_output.txt",
      "text": "===\nFAIL: test_query_2 (tests_WeatherSystem.WeatherSystemTestQuery.test_query_2)\n----------------------------------------------------------------------\nTraceback (most recent call last):\n  File \"/home/imran/Desktop/cs-5001/prompting/CS-5001-AI-Augmented-SE/Week 1/in-class-exercise/Code-Translation/output_code_translation/test/tests_WeatherSystem.py\", line 36, in test_query_2\n    self.assertEqual(weatherSystem.query(weather_list), False)\nAssertionError: (0.0, '') != False\n\n----------------------------------------------------------------------\nRan 442 tests in 0.026s\n\nFAILED (failures=62, errors=44)\nError writing JSON file: [Errno 2] No such file or directory: ''"
    }
  ]
}